--------------------------------------------------------------------------------
Release 13.4 Trace  (nt64)
Copyright (c) 1995-2011 Xilinx, Inc.  All rights reserved.

C:\Xilinx\13.4\ISE_DS\ISE\bin\nt64\unwrapped\trce.exe -intstyle ise -v 3 -s 2
-n 3 -fastpaths -xml ramintfc_jtag.twx ramintfc_jtag.ncd -o ramintfc_jtag.twr
ramintfc_jtag.pcf

Design file:              ramintfc_jtag.ncd
Physical constraint file: ramintfc_jtag.pcf
Device,package,speed:     xc6slx25,ftg256,C,-2 (PRODUCTION 1.21 2012-01-07)
Report level:             verbose report

Environment Variable      Effect 
--------------------      ------ 
NONE                      No environment variables were set
--------------------------------------------------------------------------------

INFO:Timing:3412 - To improve timing, see the Timing Closure User Guide (UG612).
INFO:Timing:2752 - To get complete path coverage, use the unconstrained paths 
   option. All paths that are not constrained will be reported in the 
   unconstrained paths section(s) of the report.
INFO:Timing:3339 - The clock-to-out numbers in this timing report are based on 
   a 50 Ohm transmission line loading model.  For the details of this model, 
   and for more information on accounting for different loading conditions, 
   please see the device datasheet.

================================================================================
Timing constraint: TSfpgaClk_i = PERIOD TIMEGRP "fpgaClk_i" 12 MHz HIGH 50%;
For more information, see Period Analysis in the Timing Closure User Guide (UG612).

 0 paths analyzed, 0 endpoints analyzed, 0 failing endpoints
 0 timing errors detected. (0 component switching limit errors)
 Minimum period is  32.000ns.
--------------------------------------------------------------------------------

Component Switching Limit Checks: TSfpgaClk_i = PERIOD TIMEGRP "fpgaClk_i" 12 MHz HIGH 50%;
--------------------------------------------------------------------------------
Slack: 7.000ns (period - min period limit)
  Period: 10.000ns
  Min period limit: 3.000ns (333.333MHz) (Tdcmper_CLKFX)
  Physical resource: u0/u0/CLKFX
  Logical resource: u0/u0/CLKFX
  Location pin: DCM_X0Y2.CLKFX
  Clock network: clkP_s
--------------------------------------------------------------------------------
Slack: 7.000ns (period - min period limit)
  Period: 10.000ns
  Min period limit: 3.000ns (333.333MHz) (Tdcmper_CLKFX)
  Physical resource: u0/u0/CLKFX180
  Logical resource: u0/u0/CLKFX180
  Location pin: DCM_X0Y2.CLKFX180
  Clock network: clkN_s
--------------------------------------------------------------------------------
Slack: 51.333ns (period - (min low pulse limit / (low pulse / period)))
  Period: 83.333ns
  Low pulse: 41.666ns
  Low pulse limit: 16.000ns (Tdcmpw_CLKIN_10_25)
  Physical resource: u0/u0/CLKIN
  Logical resource: u0/u0/CLKIN
  Location pin: DCM_X0Y2.CLKIN
  Clock network: u0/u0_ML_NEW_DIVCLK
--------------------------------------------------------------------------------

================================================================================
Timing constraint: TS_clkP_s = PERIOD TIMEGRP "clkP_s" TSfpgaClk_i * 8.33333333 
HIGH 50%;
For more information, see Period Analysis in the Timing Closure User Guide (UG612).

 0 paths analyzed, 0 endpoints analyzed, 0 failing endpoints
 0 timing errors detected. (0 component switching limit errors)
 Minimum period is   2.666ns.
--------------------------------------------------------------------------------

Component Switching Limit Checks: TS_clkP_s = PERIOD TIMEGRP "clkP_s" TSfpgaClk_i * 8.33333333 HIGH 50%;
--------------------------------------------------------------------------------
Slack: 7.334ns (period - min period limit)
  Period: 10.000ns
  Min period limit: 2.666ns (375.094MHz) (Tbcper_I)
  Physical resource: clkP_s_BUFG/I0
  Logical resource: clkP_s_BUFG/I0
  Location pin: BUFGMUX_X2Y3.I0
  Clock network: clkP_s
--------------------------------------------------------------------------------
Slack: 7.751ns (period - min period limit)
  Period: 10.000ns
  Min period limit: 2.249ns (444.642MHz) (Tockper)
  Physical resource: sdClk_o_OBUF/CLK0
  Logical resource: u1/u1/CK0
  Location pin: OLOGIC_X23Y34.CLK0
  Clock network: clkP_s_BUFG
--------------------------------------------------------------------------------

================================================================================
Timing constraint: TS_clkN_s = PERIOD TIMEGRP "clkN_s" TSfpgaClk_i * 8.33333333 
PHASE 5 ns HIGH         50%;
For more information, see Period Analysis in the Timing Closure User Guide (UG612).

 0 paths analyzed, 0 endpoints analyzed, 0 failing endpoints
 0 timing errors detected. (0 component switching limit errors)
 Minimum period is   2.666ns.
--------------------------------------------------------------------------------

Component Switching Limit Checks: TS_clkN_s = PERIOD TIMEGRP "clkN_s" TSfpgaClk_i * 8.33333333 PHASE 5 ns HIGH
        50%;
--------------------------------------------------------------------------------
Slack: 7.334ns (period - min period limit)
  Period: 10.000ns
  Min period limit: 2.666ns (375.094MHz) (Tbcper_I)
  Physical resource: clkN_s_BUFG/I0
  Logical resource: clkN_s_BUFG/I0
  Location pin: BUFGMUX_X3Y13.I0
  Clock network: clkN_s
--------------------------------------------------------------------------------
Slack: 7.960ns (period - min period limit)
  Period: 10.000ns
  Min period limit: 2.040ns (490.196MHz) (Tockper)
  Physical resource: sdClk_o_OBUF/CLK1
  Logical resource: u1/u1/CK1
  Location pin: OLOGIC_X23Y34.CLK1
  Clock network: clkN_s_BUFG
--------------------------------------------------------------------------------


Derived Constraint Report
Derived Constraints for TSfpgaClk_i
+-------------------------------+-------------+-------------+-------------+-------------+-------------+-------------+-------------+
|                               |   Period    |       Actual Period       |      Timing Errors        |      Paths Analyzed       |
|           Constraint          | Requirement |-------------+-------------|-------------+-------------|-------------+-------------|
|                               |             |   Direct    | Derivative  |   Direct    | Derivative  |   Direct    | Derivative  |
+-------------------------------+-------------+-------------+-------------+-------------+-------------+-------------+-------------+
|TSfpgaClk_i                    |     83.333ns|     32.000ns|     22.217ns|            0|            0|            0|            0|
| TS_clkP_s                     |     10.000ns|      2.666ns|          N/A|            0|            0|            0|            0|
| TS_clkN_s                     |     10.000ns|      2.666ns|          N/A|            0|            0|            0|            0|
+-------------------------------+-------------+-------------+-------------+-------------+-------------+-------------+-------------+

All constraints were met.


Data Sheet report:
-----------------
No constraints were found to generate data for the Data Sheet Report section.
Use the Advanced Analysis (-a) option or generate global constraints for each
clock, its pad to setup and clock to pad paths, and a pad to pad constraint.

Timing summary:
---------------

Timing errors: 0  Score: 0  (Setup/Max: 0, Hold: 0)

Constraints cover 0 paths, 0 nets, and 0 connections

Design statistics:
   Minimum period:  32.000ns{1}   (Maximum frequency:  31.250MHz)


------------------------------------Footnotes-----------------------------------
1)  The minimum period statistic assumes all single cycle delays.

Analysis completed Sun May 13 13:06:53 2012 
--------------------------------------------------------------------------------

Trace Settings:
-------------------------
Trace Settings 

Peak Memory Usage: 239 MB



