Running: /opt/Xilinx/14.4/ISE_DS/ISE/bin/lin/unwrapped/fuse -intstyle ise -incremental -o /home/hendri/Documents/workspaceXilinx/keyboard_ps2/keybtest1_isim_beh.exe -prj /home/hendri/Documents/workspaceXilinx/keyboard_ps2/keybtest1_beh.prj work.keybtest1 
ISim P.49d (signature 0xfbc00daa)
Number of CPUs detected in this system: 1
Turning on mult-threading, number of parallel sub-compilation jobs: 0 
Determining compilation order of HDL files
Parsing VHDL file "/home/hendri/Documents/workspaceXilinx/keyboard_ps2/keyboard.vhd" into library work
Parsing VHDL file "/home/hendri/Documents/workspaceXilinx/keyboard_ps2/keybtest1.vhd" into library work
Starting static elaboration
Completed static elaboration
Fuse Memory Usage: 37692 KB
Fuse CPU Usage: 2430 ms
Compiling package standard
Compiling package std_logic_1164
Compiling package numeric_std
Compiling architecture behavioral of entity keyboard [keyboard_default]
Compiling architecture behavior of entity keybtest1
Time Resolution for simulation is 1ps.
Compiled 6 VHDL Units
Built simulation executable /home/hendri/Documents/workspaceXilinx/keyboard_ps2/keybtest1_isim_beh.exe
Fuse Memory Usage: 50156 KB
Fuse CPU Usage: 2670 ms
GCC CPU Usage: 550 ms
