# Xilinx CORE Generator 6.3.03i
# User = DEVB
Initializing default project...
Loading plug-ins...
All runtime messages will be recorded in C:\xesscorp\PRODUCTS\BITSTREAMS\XST-4\audio\coregen.log
NEWPROJECT .
SETPROJECT .
# busformat=BusFormatAngleBracketNotRipped
# designflow=VHDL
# expandedprojectpath=C:\xesscorp\PRODUCTS\BITSTREAMS\XST-4\audio
# flowvendor=Foundation_iSE
# formalverification=None
# simulationoutputproducts=VHDL
# xilinxfamily=Virtex2
# outputoption=DesignFlow
# overwritefiles=Default
# simvendor=ModelSim
# expandedprojectpath=C:\xesscorp\PRODUCTS\BITSTREAMS\XST-4\audio
Set current Project to C:\xesscorp\PRODUCTS\BITSTREAMS\XST-4\audio
SET BusFormat = BusFormatAngleBracketNotRipped
SETXIPCPORTHOST 2062
XIPCPJSENDCORES spartan3
