Running: /opt/Xilinx/14.3/ISE_DS/ISE/bin/lin/unwrapped/fuse -intstyle ise -incremental -o /home/hendri/Documents/workspaceXilinx/countersegment/counterTestbench_isim_beh.exe -prj /home/hendri/Documents/workspaceXilinx/countersegment/counterTestbench_beh.prj work.counterTestbench 
ISim P.40xd (signature 0xfbc00daa)
Number of CPUs detected in this system: 8
Turning on mult-threading, number of parallel sub-compilation jobs: 16 
Determining compilation order of HDL files
Parsing VHDL file "/home/hendri/Documents/workspaceXilinx/countersegment/counter.vhd" into library work
Parsing VHDL file "/home/hendri/Documents/workspaceXilinx/countersegment/counterTestbench.vhd" into library work
Starting static elaboration
Completed static elaboration
Fuse Memory Usage: 37540 KB
Fuse CPU Usage: 1020 ms
Compiling package standard
Compiling package std_logic_1164
Compiling package std_logic_arith
Compiling package std_logic_unsigned
Compiling architecture behavioral of entity counter [counter_default]
Compiling architecture behavior of entity countertestbench
Time Resolution for simulation is 1ps.
Waiting for 1 sub-compilation(s) to finish...
Compiled 7 VHDL Units
Built simulation executable /home/hendri/Documents/workspaceXilinx/countersegment/counterTestbench_isim_beh.exe
Fuse Memory Usage: 98760 KB
Fuse CPU Usage: 1080 ms
GCC CPU Usage: 230 ms
