--------------------------------------------------------------------------------
Release 14.3 Trace  (lin)
Copyright (c) 1995-2012 Xilinx, Inc.  All rights reserved.

/opt/Xilinx/14.3/ISE_DS/ISE/bin/lin/unwrapped/trce -intstyle ise -v 3 -s 4 -n 3
-fastpaths -xml systemSeg.twx systemSeg.ncd -o systemSeg.twr systemSeg.pcf -ucf
counter.ucf

Design file:              systemSeg.ncd
Physical constraint file: systemSeg.pcf
Device,package,speed:     xc3s50a,vq100,-4 (PRODUCTION 1.42 2012-10-12)
Report level:             verbose report

Environment Variable      Effect 
--------------------      ------ 
NONE                      No environment variables were set
--------------------------------------------------------------------------------

INFO:Timing:2698 - No timing constraints found, doing default enumeration.
INFO:Timing:3412 - To improve timing, see the Timing Closure User Guide (UG612).
INFO:Timing:2752 - To get complete path coverage, use the unconstrained paths 
   option. All paths that are not constrained will be reported in the 
   unconstrained paths section(s) of the report.
INFO:Timing:3339 - The clock-to-out numbers in this timing report are based on 
   a 50 Ohm transmission line loading model.  For the details of this model, 
   and for more information on accounting for different loading conditions, 
   please see the device datasheet.
INFO:Timing:3390 - This architecture does not support a default System Jitter 
   value, please add SYSTEM_JITTER constraint to the UCF to modify the Clock 
   Uncertainty calculation.
INFO:Timing:3389 - This architecture does not support 'Discrete Jitter' and 
   'Phase Error' calculations, these terms will be zero in the Clock 
   Uncertainty calculation.  Please make appropriate modification to 
   SYSTEM_JITTER to account for the unsupported Discrete Jitter and Phase 
   Error.



Data Sheet report:
-----------------
All values displayed in nanoseconds (ns)

Clock clk to Pad
--------------+------------+------------------+--------+
              | clk (edge) |                  | Clock  |
Destination   |   to PAD   |Internal Clock(s) | Phase  |
--------------+------------+------------------+--------+
counter_out<0>|    7.392(R)|clk_BUFGP         |   0.000|
counter_out<1>|    7.389(R)|clk_BUFGP         |   0.000|
counter_out<2>|    6.908(R)|clk_BUFGP         |   0.000|
counter_out<3>|    7.096(R)|clk_BUFGP         |   0.000|
counter_out<4>|    7.172(R)|clk_BUFGP         |   0.000|
counter_out<5>|    6.866(R)|clk_BUFGP         |   0.000|
counter_out<6>|    8.010(R)|clk_BUFGP         |   0.000|
systick       |    7.491(R)|clk_BUFGP         |   0.000|
--------------+------------+------------------+--------+

Clock to Setup on destination clock clk
---------------+---------+---------+---------+---------+
               | Src:Rise| Src:Fall| Src:Rise| Src:Fall|
Source Clock   |Dest:Rise|Dest:Rise|Dest:Fall|Dest:Fall|
---------------+---------+---------+---------+---------+
clk            |    5.163|         |         |         |
---------------+---------+---------+---------+---------+


Analysis completed Fri Jan 25 19:57:00 2013 
--------------------------------------------------------------------------------

Trace Settings:
-------------------------
Trace Settings 

Peak Memory Usage: 105 MB



