Release 14.3 - xst P.40xd (lin)
Copyright (c) 1995-2012 Xilinx, Inc.  All rights reserved.
--> 
Parameter TMPDIR set to xst/projnav.tmp


Total REAL time to Xst completion: 0.00 secs
Total CPU time to Xst completion: 0.13 secs
 
--> 
Parameter xsthdpdir set to xst


Total REAL time to Xst completion: 0.00 secs
Total CPU time to Xst completion: 0.13 secs
 
--> 
Reading design: systemSeg.prj

TABLE OF CONTENTS
  1) Synthesis Options Summary
  2) HDL Compilation
  3) Design Hierarchy Analysis
  4) HDL Analysis
  5) HDL Synthesis
     5.1) HDL Synthesis Report
  6) Advanced HDL Synthesis
     6.1) Advanced HDL Synthesis Report
  7) Low Level Synthesis
  8) Partition Report
  9) Final Report
	9.1) Device utilization summary
	9.2) Partition Resource Summary
	9.3) TIMING REPORT


=========================================================================
*                      Synthesis Options Summary                        *
=========================================================================
---- Source Parameters
Input File Name                    : "systemSeg.prj"
Input Format                       : mixed
Ignore Synthesis Constraint File   : NO

---- Target Parameters
Output File Name                   : "systemSeg"
Output Format                      : NGC
Target Device                      : xc3s50a-4-vq100

---- Source Options
Top Module Name                    : systemSeg
Automatic FSM Extraction           : YES
FSM Encoding Algorithm             : Auto
Safe Implementation                : No
FSM Style                          : LUT
RAM Extraction                     : Yes
RAM Style                          : Auto
ROM Extraction                     : Yes
Mux Style                          : Auto
Decoder Extraction                 : YES
Priority Encoder Extraction        : Yes
Shift Register Extraction          : YES
Logical Shifter Extraction         : YES
XOR Collapsing                     : YES
ROM Style                          : Auto
Mux Extraction                     : Yes
Resource Sharing                   : YES
Asynchronous To Synchronous        : NO
Multiplier Style                   : Auto
Automatic Register Balancing       : No

---- Target Options
Add IO Buffers                     : YES
Global Maximum Fanout              : 100000
Add Generic Clock Buffer(BUFG)     : 24
Register Duplication               : YES
Slice Packing                      : YES
Optimize Instantiated Primitives   : NO
Use Clock Enable                   : Yes
Use Synchronous Set                : Yes
Use Synchronous Reset              : Yes
Pack IO Registers into IOBs        : Auto
Equivalent register Removal        : YES

---- General Options
Optimization Goal                  : Speed
Optimization Effort                : 1
Keep Hierarchy                     : No
Netlist Hierarchy                  : As_Optimized
RTL Output                         : Yes
Global Optimization                : AllClockNets
Read Cores                         : YES
Write Timing Constraints           : NO
Cross Clock Analysis               : NO
Hierarchy Separator                : /
Bus Delimiter                      : <>
Case Specifier                     : Maintain
Slice Utilization Ratio            : 100
BRAM Utilization Ratio             : 100
Verilog 2001                       : YES
Auto BRAM Packing                  : NO
Slice Utilization Ratio Delta      : 5

=========================================================================


=========================================================================
*                          HDL Compilation                              *
=========================================================================
Compiling vhdl file "/home/hendri/Documents/workspaceXilinx/P3-SegmentCNT/counter.vhd" in Library work.
Architecture behavioral of Entity counter is up to date.
Compiling vhdl file "/home/hendri/Documents/workspaceXilinx/P3-SegmentCNT/decoder.vhd" in Library work.
Architecture behavioral of Entity decoder is up to date.
Compiling vhdl file "/home/hendri/Documents/workspaceXilinx/P3-SegmentCNT/systemSeg.vhd" in Library work.
Architecture behavioral of Entity systemseg is up to date.

=========================================================================
*                     Design Hierarchy Analysis                         *
=========================================================================
Analyzing hierarchy for entity <systemSeg> in library <work> (architecture <behavioral>).

Analyzing hierarchy for entity <counter> in library <work> (architecture <behavioral>).

Analyzing hierarchy for entity <decoder> in library <work> (architecture <behavioral>).


=========================================================================
*                            HDL Analysis                               *
=========================================================================
Analyzing Entity <systemSeg> in library <work> (Architecture <behavioral>).
Entity <systemSeg> analyzed. Unit <systemSeg> generated.

Analyzing Entity <counter> in library <work> (Architecture <behavioral>).
Entity <counter> analyzed. Unit <counter> generated.

Analyzing Entity <decoder> in library <work> (Architecture <behavioral>).
Entity <decoder> analyzed. Unit <decoder> generated.


=========================================================================
*                           HDL Synthesis                               *
=========================================================================

Performing bidirectional port resolution...

Synthesizing Unit <counter>.
    Related source file is "/home/hendri/Documents/workspaceXilinx/P3-SegmentCNT/counter.vhd".
    Found 4-bit up counter for signal <clk_r>.
    Found 5-bit comparator less for signal <clk_r$cmp_lt0000> created at line 53.
    Found 24-bit up counter for signal <psc>.
    Found 24-bit comparator lessequal for signal <psc$cmp_le0000> created at line 47.
    Found 1-bit register for signal <tick>.
    Summary:
	inferred   2 Counter(s).
	inferred   1 D-type flip-flop(s).
	inferred   2 Comparator(s).
Unit <counter> synthesized.


Synthesizing Unit <decoder>.
    Related source file is "/home/hendri/Documents/workspaceXilinx/P3-SegmentCNT/decoder.vhd".
    Found 16x7-bit ROM for signal <segment7$mux0001> created at line 44.
    Found 7-bit register for signal <segment7>.
    Summary:
	inferred   1 ROM(s).
	inferred   7 D-type flip-flop(s).
Unit <decoder> synthesized.


Synthesizing Unit <systemSeg>.
    Related source file is "/home/hendri/Documents/workspaceXilinx/P3-SegmentCNT/systemSeg.vhd".
Unit <systemSeg> synthesized.


=========================================================================
HDL Synthesis Report

Macro Statistics
# ROMs                                                 : 1
 16x7-bit ROM                                          : 1
# Counters                                             : 2
 24-bit up counter                                     : 1
 4-bit up counter                                      : 1
# Registers                                            : 2
 1-bit register                                        : 1
 7-bit register                                        : 1
# Comparators                                          : 2
 24-bit comparator lessequal                           : 1
 5-bit comparator less                                 : 1

=========================================================================

=========================================================================
*                       Advanced HDL Synthesis                          *
=========================================================================


Synthesizing (advanced) Unit <decoder>.
INFO:Xst:3034 - In order to maximize performance and save block RAM resources, the small ROM <Mrom_segment7_mux0001> will be implemented on LUT. If you want to force its implementation on block, use option/constraint rom_style.
Unit <decoder> synthesized (advanced).

=========================================================================
Advanced HDL Synthesis Report

Macro Statistics
# ROMs                                                 : 1
 16x7-bit ROM                                          : 1
# Counters                                             : 2
 24-bit up counter                                     : 1
 4-bit up counter                                      : 1
# Registers                                            : 8
 Flip-Flops                                            : 8
# Comparators                                          : 2
 24-bit comparator lessequal                           : 1
 5-bit comparator less                                 : 1

=========================================================================

=========================================================================
*                         Low Level Synthesis                           *
=========================================================================

Optimizing unit <systemSeg> ...

Optimizing unit <counter> ...

Optimizing unit <decoder> ...

Mapping all equations...
Building and optimizing final netlist ...
Found area constraint ratio of 100 (+ 5) on block systemSeg, actual ratio is 2.
FlipFlop Inst_counter/psc_23 has been replicated 1 time(s)

Final Macro Processing ...

=========================================================================
Final Register Report

Macro Statistics
# Registers                                            : 37
 Flip-Flops                                            : 37

=========================================================================

=========================================================================
*                           Partition Report                            *
=========================================================================

Partition Implementation Status
-------------------------------

  No Partitions were found in this design.

-------------------------------

=========================================================================
*                            Final Report                               *
=========================================================================
Final Results
RTL Top Level Output File Name     : systemSeg.ngr
Top Level Output File Name         : systemSeg
Output Format                      : NGC
Optimization Goal                  : Speed
Keep Hierarchy                     : No

Design Statistics
# IOs                              : 9

Cell Usage :
# BELS                             : 87
#      GND                         : 1
#      INV                         : 3
#      LUT1                        : 23
#      LUT2                        : 1
#      LUT2_L                      : 1
#      LUT3                        : 3
#      LUT4                        : 7
#      MUXCY                       : 23
#      VCC                         : 1
#      XORCY                       : 24
# FlipFlops/Latches                : 37
#      FD                          : 5
#      FDE                         : 1
#      FDR                         : 25
#      FDRE                        : 4
#      FDS                         : 2
# Clock Buffers                    : 1
#      BUFGP                       : 1
# IO Buffers                       : 8
#      OBUF                        : 8
=========================================================================

Device utilization summary:
---------------------------

Selected Device : 3s50avq100-4 

 Number of Slices:                       21  out of    704     2%  
 Number of Slice Flip Flops:             37  out of   1408     2%  
 Number of 4 input LUTs:                 38  out of   1408     2%  
 Number of IOs:                           9
 Number of bonded IOBs:                   9  out of     68    13%  
 Number of GCLKs:                         1  out of     24     4%  

---------------------------
Partition Resource Summary:
---------------------------

  No Partitions were found in this design.

---------------------------


=========================================================================
TIMING REPORT

NOTE: THESE TIMING NUMBERS ARE ONLY A SYNTHESIS ESTIMATE.
      FOR ACCURATE TIMING INFORMATION PLEASE REFER TO THE TRACE REPORT
      GENERATED AFTER PLACE-and-ROUTE.

Clock Information:
------------------
-----------------------------------+------------------------+-------+
Clock Signal                       | Clock buffer(FF name)  | Load  |
-----------------------------------+------------------------+-------+
clk                                | BUFGP                  | 37    |
-----------------------------------+------------------------+-------+

Asynchronous Control Signals Information:
----------------------------------------
No asynchronous control signals found in this design

Timing Summary:
---------------
Speed Grade: -4

   Minimum period: 4.895ns (Maximum Frequency: 204.290MHz)
   Minimum input arrival time before clock: No path found
   Maximum output required time after clock: 5.558ns
   Maximum combinational path delay: No path found

Timing Detail:
--------------
All values displayed in nanoseconds (ns)

=========================================================================
Timing constraint: Default period analysis for Clock 'clk'
  Clock period: 4.895ns (frequency: 204.290MHz)
  Total number of paths / destination ports: 416 / 73
-------------------------------------------------------------------------
Delay:               4.895ns (Levels of Logic = 24)
  Source:            Inst_counter/psc_1 (FF)
  Destination:       Inst_counter/psc_23 (FF)
  Source Clock:      clk rising
  Destination Clock: clk rising

  Data Path: Inst_counter/psc_1 to Inst_counter/psc_23
                                Gate     Net
    Cell:in->out      fanout   Delay   Delay  Logical Name (Net Name)
    ----------------------------------------  ------------
     FDR:C->Q              1   0.591   0.563  Inst_counter/psc_1 (Inst_counter/psc_1)
     LUT1:I0->O            1   0.648   0.000  Inst_counter/Mcount_psc_cy<1>_rt (Inst_counter/Mcount_psc_cy<1>_rt)
     MUXCY:S->O            1   0.632   0.000  Inst_counter/Mcount_psc_cy<1> (Inst_counter/Mcount_psc_cy<1>)
     MUXCY:CI->O           1   0.065   0.000  Inst_counter/Mcount_psc_cy<2> (Inst_counter/Mcount_psc_cy<2>)
     MUXCY:CI->O           1   0.065   0.000  Inst_counter/Mcount_psc_cy<3> (Inst_counter/Mcount_psc_cy<3>)
     MUXCY:CI->O           1   0.065   0.000  Inst_counter/Mcount_psc_cy<4> (Inst_counter/Mcount_psc_cy<4>)
     MUXCY:CI->O           1   0.065   0.000  Inst_counter/Mcount_psc_cy<5> (Inst_counter/Mcount_psc_cy<5>)
     MUXCY:CI->O           1   0.065   0.000  Inst_counter/Mcount_psc_cy<6> (Inst_counter/Mcount_psc_cy<6>)
     MUXCY:CI->O           1   0.065   0.000  Inst_counter/Mcount_psc_cy<7> (Inst_counter/Mcount_psc_cy<7>)
     MUXCY:CI->O           1   0.065   0.000  Inst_counter/Mcount_psc_cy<8> (Inst_counter/Mcount_psc_cy<8>)
     MUXCY:CI->O           1   0.065   0.000  Inst_counter/Mcount_psc_cy<9> (Inst_counter/Mcount_psc_cy<9>)
     MUXCY:CI->O           1   0.065   0.000  Inst_counter/Mcount_psc_cy<10> (Inst_counter/Mcount_psc_cy<10>)
     MUXCY:CI->O           1   0.065   0.000  Inst_counter/Mcount_psc_cy<11> (Inst_counter/Mcount_psc_cy<11>)
     MUXCY:CI->O           1   0.065   0.000  Inst_counter/Mcount_psc_cy<12> (Inst_counter/Mcount_psc_cy<12>)
     MUXCY:CI->O           1   0.065   0.000  Inst_counter/Mcount_psc_cy<13> (Inst_counter/Mcount_psc_cy<13>)
     MUXCY:CI->O           1   0.065   0.000  Inst_counter/Mcount_psc_cy<14> (Inst_counter/Mcount_psc_cy<14>)
     MUXCY:CI->O           1   0.065   0.000  Inst_counter/Mcount_psc_cy<15> (Inst_counter/Mcount_psc_cy<15>)
     MUXCY:CI->O           1   0.065   0.000  Inst_counter/Mcount_psc_cy<16> (Inst_counter/Mcount_psc_cy<16>)
     MUXCY:CI->O           1   0.065   0.000  Inst_counter/Mcount_psc_cy<17> (Inst_counter/Mcount_psc_cy<17>)
     MUXCY:CI->O           1   0.065   0.000  Inst_counter/Mcount_psc_cy<18> (Inst_counter/Mcount_psc_cy<18>)
     MUXCY:CI->O           1   0.065   0.000  Inst_counter/Mcount_psc_cy<19> (Inst_counter/Mcount_psc_cy<19>)
     MUXCY:CI->O           1   0.065   0.000  Inst_counter/Mcount_psc_cy<20> (Inst_counter/Mcount_psc_cy<20>)
     MUXCY:CI->O           1   0.065   0.000  Inst_counter/Mcount_psc_cy<21> (Inst_counter/Mcount_psc_cy<21>)
     MUXCY:CI->O           0   0.065   0.000  Inst_counter/Mcount_psc_cy<22> (Inst_counter/Mcount_psc_cy<22>)
     XORCY:CI->O           2   0.844   0.000  Inst_counter/Mcount_psc_xor<23> (Inst_counter/Result<23>)
     FDR:D                     0.252          Inst_counter/psc_23
    ----------------------------------------
    Total                      4.895ns (4.332ns logic, 0.563ns route)
                                       (88.5% logic, 11.5% route)

=========================================================================
Timing constraint: Default OFFSET OUT AFTER for Clock 'clk'
  Total number of paths / destination ports: 8 / 8
-------------------------------------------------------------------------
Offset:              5.558ns (Levels of Logic = 1)
  Source:            Inst_counter/tick (FF)
  Destination:       systick (PAD)
  Source Clock:      clk rising

  Data Path: Inst_counter/tick to systick
                                Gate     Net
    Cell:in->out      fanout   Delay   Delay  Logical Name (Net Name)
    ----------------------------------------  ------------
     FDE:C->Q              2   0.591   0.447  Inst_counter/tick (Inst_counter/tick)
     OBUF:I->O                 4.520          systick_OBUF (systick)
    ----------------------------------------
    Total                      5.558ns (5.111ns logic, 0.447ns route)
                                       (92.0% logic, 8.0% route)

=========================================================================


Total REAL time to Xst completion: 14.00 secs
Total CPU time to Xst completion: 10.68 secs
 
--> 


Total memory usage is 167228 kilobytes

Number of errors   :    0 (   0 filtered)
Number of warnings :    0 (   0 filtered)
Number of infos    :    1 (   0 filtered)

