Release 13.4 - xst O.87xd (nt64)
Copyright (c) 1995-2011 Xilinx, Inc.  All rights reserved.
--> Parameter TMPDIR set to xst/projnav.tmp


Total REAL time to Xst completion: 0.00 secs
Total CPU time to Xst completion: 0.08 secs
 
--> Parameter xsthdpdir set to xst


Total REAL time to Xst completion: 0.00 secs
Total CPU time to Xst completion: 0.08 secs
 
--> Reading design: ramintfc_jtag.prj

TABLE OF CONTENTS
  1) Synthesis Options Summary
  2) HDL Parsing
  3) HDL Elaboration
  4) HDL Synthesis
       4.1) HDL Synthesis Report
  5) Advanced HDL Synthesis
       5.1) Advanced HDL Synthesis Report
  6) Low Level Synthesis
  7) Partition Report
  8) Design Summary
       8.1) Primitive and Black Box Usage
       8.2) Device utilization summary
       8.3) Partition Resource Summary
       8.4) Timing Report
            8.4.1) Clock Information
            8.4.2) Asynchronous Control Signals Information
            8.4.3) Timing Summary
            8.4.4) Timing Details
            8.4.5) Cross Clock Domains Report


=========================================================================
*                      Synthesis Options Summary                        *
=========================================================================
---- Source Parameters
Input File Name                    : "ramintfc_jtag.prj"
Ignore Synthesis Constraint File   : NO

---- Target Parameters
Output File Name                   : "ramintfc_jtag"
Output Format                      : NGC
Target Device                      : xc6slx25-2-ftg256

---- Source Options
Top Module Name                    : ramintfc_jtag
Automatic FSM Extraction           : YES
FSM Encoding Algorithm             : Auto
Safe Implementation                : No
FSM Style                          : LUT
RAM Extraction                     : Yes
RAM Style                          : Auto
ROM Extraction                     : Yes
Shift Register Extraction          : NO
ROM Style                          : Auto
Resource Sharing                   : YES
Asynchronous To Synchronous        : NO
Shift Register Minimum Size        : 200
Use DSP Block                      : Auto
Automatic Register Balancing       : No

---- Target Options
LUT Combining                      : Auto
Reduce Control Sets                : Auto
Add IO Buffers                     : YES
Global Maximum Fanout              : 100000
Add Generic Clock Buffer(BUFG)     : 16
Register Duplication               : YES
Optimize Instantiated Primitives   : NO
Use Clock Enable                   : Auto
Use Synchronous Set                : Auto
Use Synchronous Reset              : Auto
Pack IO Registers into IOBs        : Auto
Equivalent register Removal        : YES

---- General Options
Optimization Goal                  : Speed
Optimization Effort                : 1
Power Reduction                    : NO
Keep Hierarchy                     : No
Netlist Hierarchy                  : As_Optimized
RTL Output                         : Yes
Global Optimization                : AllClockNets
Read Cores                         : YES
Write Timing Constraints           : NO
Cross Clock Analysis               : NO
Hierarchy Separator                : /
Bus Delimiter                      : <>
Case Specifier                     : Maintain
Slice Utilization Ratio            : 100
BRAM Utilization Ratio             : 100
DSP48 Utilization Ratio            : 100
Auto BRAM Packing                  : NO
Slice Utilization Ratio Delta      : 5

=========================================================================

INFO:Xst - Part-select index evaluated to out of bound value may lead to incorrect synthesis results; it is recommended not to use them in RTL

=========================================================================
*                          HDL Parsing                                  *
=========================================================================
Parsing VHDL file "C:\xesscorp\PRODUCTS\XuLA\FPGA\XuLA_lib\SyncToClk.vhd" into library work
Parsing package <SyncToClockPckg>.
Parsing entity <SyncToClock>.
Parsing architecture <arch> of entity <synctoclock>.
Parsing entity <SyncBusToClock>.
Parsing architecture <arch> of entity <syncbustoclock>.
Parsing VHDL file "C:\xesscorp\PRODUCTS\XuLA\FPGA\XuLA_lib\Common.vhd" into library work
Parsing package <CommonPckg>.
Parsing package body <CommonPckg>.
Parsing VHDL file "C:\xesscorp\PRODUCTS\XuLA\FPGA\XuLA_lib\SdramCntl.vhd" into library work
Parsing package <SdramCntlPckg>.
Parsing entity <SdramCntl>.
Parsing architecture <arch> of entity <sdramcntl>.
Parsing entity <DualPort>.
Parsing architecture <arch> of entity <dualport>.
Parsing VHDL file "C:\xesscorp\PRODUCTS\XuLA\FPGA\XuLA_lib\HostIo.vhd" into library work
Parsing package <HostIoPckg>.
Parsing entity <BscanToHostIo>.
Parsing architecture <arch> of entity <bscantohostio>.
Parsing entity <HostIoHdrScanner>.
Parsing architecture <arch> of entity <hostiohdrscanner>.
Parsing entity <HostIoToRamCore>.
Parsing architecture <arch> of entity <hostiotoramcore>.
Parsing entity <RamCtrlSync>.
Parsing architecture <arch> of entity <ramctrlsync>.
Parsing entity <HostIoToRam>.
Parsing architecture <arch> of entity <hostiotoram>.
Parsing entity <HostIoToDut>.
Parsing architecture <arch> of entity <hostiotodut>.
Parsing VHDL file "C:\xesscorp\PRODUCTS\XuLA\FPGA\XuLA_lib\ClkGen.vhd" into library work
Parsing package <ClkGenPckg>.
Parsing entity <ClkGen>.
Parsing architecture <arch> of entity <clkgen>.
Parsing entity <ClkToLogic>.
Parsing architecture <arch> of entity <clktologic>.
Parsing VHDL file "C:\xesscorp\PRODUCTS\XuLA\FPGA\LX25\ramintfc_jtag_new\ramintfc_jtag.vhd" into library work
Parsing entity <ramintfc_jtag>.
Parsing architecture <arch> of entity <ramintfc_jtag>.

=========================================================================
*                            HDL Elaboration                            *
=========================================================================

Elaborating entity <ramintfc_jtag> (architecture <arch>) with generics from library <work>.

Elaborating entity <ClkGen> (architecture <arch>) with generics from library <work>.

Elaborating entity <ClkToLogic> (architecture <arch>) from library <work>.

Elaborating entity <BscanToHostIo> (architecture <arch>) with generics from library <work>.

Elaborating entity <HostIoToRam> (architecture <arch>) with generics from library <work>.

Elaborating entity <HostIoToRamCore> (architecture <arch>) with generics from library <work>.

Elaborating entity <HostIoHdrScanner> (architecture <arch>) with generics from library <work>.

Elaborating entity <RamCtrlSync> (architecture <arch>) from library <work>.

Elaborating entity <SyncToClock> (architecture <arch>) from library <work>.

Elaborating entity <SdramCntl> (architecture <arch>) with generics from library <work>.
WARNING:HDLCompiler:92 - "C:\xesscorp\PRODUCTS\XuLA\FPGA\XuLA_lib\SdramCntl.vhd" Line 368: ba_x should be on the sensitivity list of the process
WARNING:HDLCompiler:92 - "C:\xesscorp\PRODUCTS\XuLA\FPGA\XuLA_lib\SdramCntl.vhd" Line 392: rdinprogress_s should be on the sensitivity list of the process
WARNING:HDLCompiler:92 - "C:\xesscorp\PRODUCTS\XuLA\FPGA\XuLA_lib\SdramCntl.vhd" Line 425: bank_s should be on the sensitivity list of the process
WARNING:HDLCompiler:92 - "C:\xesscorp\PRODUCTS\XuLA\FPGA\XuLA_lib\SdramCntl.vhd" Line 568: activateinprogress_s should be on the sensitivity list of the process
WARNING:HDLCompiler:92 - "C:\xesscorp\PRODUCTS\XuLA\FPGA\XuLA_lib\SdramCntl.vhd" Line 582: ba_x should be on the sensitivity list of the process
WARNING:HDLCompiler:92 - "C:\xesscorp\PRODUCTS\XuLA\FPGA\XuLA_lib\SdramCntl.vhd" Line 584: doactivate_s should be on the sensitivity list of the process
WARNING:HDLCompiler:92 - "C:\xesscorp\PRODUCTS\XuLA\FPGA\XuLA_lib\SdramCntl.vhd" Line 586: activateinprogress_s should be on the sensitivity list of the process
WARNING:HDLCompiler:92 - "C:\xesscorp\PRODUCTS\XuLA\FPGA\XuLA_lib\SdramCntl.vhd" Line 590: bankindex_s should be on the sensitivity list of the process
WARNING:HDLCompiler:92 - "C:\xesscorp\PRODUCTS\XuLA\FPGA\XuLA_lib\SdramCntl.vhd" Line 596: rdinprogress_s should be on the sensitivity list of the process
WARNING:HDLCompiler:92 - "C:\xesscorp\PRODUCTS\XuLA\FPGA\XuLA_lib\SdramCntl.vhd" Line 611: ba_x should be on the sensitivity list of the process
WARNING:HDLCompiler:92 - "C:\xesscorp\PRODUCTS\XuLA\FPGA\XuLA_lib\SdramCntl.vhd" Line 613: doactivate_s should be on the sensitivity list of the process
WARNING:HDLCompiler:92 - "C:\xesscorp\PRODUCTS\XuLA\FPGA\XuLA_lib\SdramCntl.vhd" Line 615: activateinprogress_s should be on the sensitivity list of the process
WARNING:HDLCompiler:92 - "C:\xesscorp\PRODUCTS\XuLA\FPGA\XuLA_lib\SdramCntl.vhd" Line 619: bankindex_s should be on the sensitivity list of the process
WARNING:HDLCompiler:92 - "C:\xesscorp\PRODUCTS\XuLA\FPGA\XuLA_lib\SdramCntl.vhd" Line 623: rdinprogress_s should be on the sensitivity list of the process
WARNING:HDLCompiler:92 - "C:\xesscorp\PRODUCTS\XuLA\FPGA\XuLA_lib\SdramCntl.vhd" Line 639: doselfrfsh_s should be on the sensitivity list of the process
WARNING:HDLCompiler:92 - "C:\xesscorp\PRODUCTS\XuLA\FPGA\XuLA_lib\SdramCntl.vhd" Line 641: activateinprogress_s should be on the sensitivity list of the process
WARNING:HDLCompiler:92 - "C:\xesscorp\PRODUCTS\XuLA\FPGA\XuLA_lib\SdramCntl.vhd" Line 663: row_s should be on the sensitivity list of the process
WARNING:HDLCompiler:92 - "C:\xesscorp\PRODUCTS\XuLA\FPGA\XuLA_lib\SdramCntl.vhd" Line 664: bank_s should be on the sensitivity list of the process
WARNING:HDLCompiler:92 - "C:\xesscorp\PRODUCTS\XuLA\FPGA\XuLA_lib\SdramCntl.vhd" Line 665: row_s should be on the sensitivity list of the process
WARNING:HDLCompiler:92 - "C:\xesscorp\PRODUCTS\XuLA\FPGA\XuLA_lib\SdramCntl.vhd" Line 666: bankindex_s should be on the sensitivity list of the process
WARNING:HDLCompiler:92 - "C:\xesscorp\PRODUCTS\XuLA\FPGA\XuLA_lib\SdramCntl.vhd" Line 686: doselfrfsh_s should be on the sensitivity list of the process
INFO:HDLCompiler:679 - "C:\xesscorp\PRODUCTS\XuLA\FPGA\XuLA_lib\SdramCntl.vhd" Line 703. Case statement is complete. others clause is never selected

=========================================================================
*                           HDL Synthesis                               *
=========================================================================

Synthesizing Unit <ramintfc_jtag>.
    Related source file is "c:/xesscorp/products/xula/fpga/lx25/ramintfc_jtag_new/ramintfc_jtag.vhd".
        BASE_FREQ_G = 12.0
        CLK_MUL_G = 25
        CLK_DIV_G = 3
        PIPE_EN_G = false
        DATA_WIDTH_G = 16
        HADDR_WIDTH_G = 32
        SADDR_WIDTH_G = 13
        NROWS_G = 8192
        NCOLS_G = 512
INFO:Xst:3210 - "c:/xesscorp/products/xula/fpga/lx25/ramintfc_jtag_new/ramintfc_jtag.vhd" line 139: Output port <status_o> of the instance <u4> is unconnected or connected to loadless signal.
INFO:Xst:3210 - "c:/xesscorp/products/xula/fpga/lx25/ramintfc_jtag_new/ramintfc_jtag.vhd" line 139: Output port <opBegun_o> of the instance <u4> is unconnected or connected to loadless signal.
INFO:Xst:3210 - "c:/xesscorp/products/xula/fpga/lx25/ramintfc_jtag_new/ramintfc_jtag.vhd" line 139: Output port <rdPending_o> of the instance <u4> is unconnected or connected to loadless signal.
INFO:Xst:3210 - "c:/xesscorp/products/xula/fpga/lx25/ramintfc_jtag_new/ramintfc_jtag.vhd" line 139: Output port <rdDone_o> of the instance <u4> is unconnected or connected to loadless signal.
    Found 4-bit register for signal <resetCnt_v>.
    Found 1-bit register for signal <reset_s>.
    Found 4-bit subtractor for signal <GND_11_o_GND_11_o_sub_2_OUT<3:0>> created at line 183.
    Summary:
	inferred   1 Adder/Subtractor(s).
	inferred   5 D-type flip-flop(s).
Unit <ramintfc_jtag> synthesized.

Synthesizing Unit <ClkGen>.
    Related source file is "c:/xesscorp/products/xula/fpga/xula_lib/clkgen.vhd".
        BASE_FREQ_G = 12.0
        CLK_MUL_G = 25
        CLK_DIV_G = 3
    Summary:
	no macro.
Unit <ClkGen> synthesized.

Synthesizing Unit <ClkToLogic>.
    Related source file is "c:/xesscorp/products/xula/fpga/xula_lib/clkgen.vhd".
    Summary:
	no macro.
Unit <ClkToLogic> synthesized.

Synthesizing Unit <BscanToHostIo>.
    Related source file is "c:/xesscorp/products/xula/fpga/xula_lib/hostio.vhd".
        FPGA_DEVICE_G = spartan6
        TAP_USER_INSTR_G = user1
    Summary:
	no macro.
Unit <BscanToHostIo> synthesized.

Synthesizing Unit <HostIoToRam>.
    Related source file is "c:/xesscorp/products/xula/fpga/xula_lib/hostio.vhd".
        ID_G = "00000010"
        PYLD_CNTR_LENGTH_G = 32
        FPGA_DEVICE_G = spartan3a
        TAP_USER_INSTR_G = user1
        SIMPLE_G = false
        SYNC_G = true
    Summary:
	no macro.
Unit <HostIoToRam> synthesized.

Synthesizing Unit <HostIoToRamCore>.
    Related source file is "c:/xesscorp/products/xula/fpga/xula_lib/hostio.vhd".
        ID_G = "00000010"
        PYLD_CNTR_LENGTH_G = 32
    Found 1-bit register for signal <opcodeRcvd_r>.
    Found 16-bit register for signal <shiftReg_r>.
    Found 5-bit register for signal <bitCntr_r>.
    Found 32-bit register for signal <addrFromHost_r>.
    Found 1-bit register for signal <addrFromHostRcvd_r>.
    Found 1-bit register for signal <wrToMemory_r>.
    Found 16-bit register for signal <dataFromHost_o>.
    Found 1-bit register for signal <rdFromMemory_r>.
    Found 16-bit register for signal <dataFromMemory_r>.
    Found 2-bit register for signal <opcode_r>.
    Found 32-bit adder for signal <addrFromHost_r[31]_GND_52_o_add_14_OUT> created at line 565.
    Found 5-bit subtractor for signal <GND_52_o_GND_52_o_sub_17_OUT<4:0>> created at line 570.
    Found 32-bit comparator greater for signal <n0022> created at line 564
    Summary:
	inferred   2 Adder/Subtractor(s).
	inferred  91 D-type flip-flop(s).
	inferred   1 Comparator(s).
	inferred  15 Multiplexer(s).
Unit <HostIoToRamCore> synthesized.

Synthesizing Unit <HostIoHdrScanner>.
    Related source file is "c:/xesscorp/products/xula/fpga/xula_lib/hostio.vhd".
        ID_G = "00000010"
        PYLD_CNTR_LENGTH_G = 32
    Found 32-bit register for signal <pyldCntr_r>.
    Found 1-bit register for signal <hdrRcvd_r>.
    Found 8-bit register for signal <id_r>.
    Found 32-bit subtractor for signal <GND_53_o_GND_53_o_sub_2_OUT<31:0>> created at line 379.
    Summary:
	inferred   1 Adder/Subtractor(s).
	inferred  41 D-type flip-flop(s).
	inferred   2 Multiplexer(s).
Unit <HostIoHdrScanner> synthesized.

Synthesizing Unit <RamCtrlSync>.
    Related source file is "c:/xesscorp/products/xula/fpga/xula_lib/hostio.vhd".
WARNING:Xst:647 - Input <drck_i> is never used. This port will be preserved and left unconnected if it belongs to a top-level block or it belongs to a sub-block and the hierarchy of this sub-block is preserved.
    Found 1-bit register for signal <prevCtrlIn_v>.
    Found 1-bit register for signal <doneOut_r>.
    Found 1-bit register for signal <ctrlOut_o>.
    Summary:
	inferred   3 D-type flip-flop(s).
Unit <RamCtrlSync> synthesized.

Synthesizing Unit <SyncToClock>.
    Related source file is "c:/xesscorp/products/xula/fpga/xula_lib/synctoclk.vhd".
    Found 2-bit register for signal <sync_r>.
    Summary:
	inferred   2 D-type flip-flop(s).
Unit <SyncToClock> synthesized.

Synthesizing Unit <SdramCntl>.
    Related source file is "c:/xesscorp/products/xula/fpga/xula_lib/sdramcntl.vhd".
        FREQ_G = 100.0
        IN_PHASE_G = true
        PIPE_EN_G = false
        MAX_NOP_G = 10000
        ENABLE_REFRESH_G = true
        MULTIPLE_ACTIVE_ROWS_G = false
        DATA_WIDTH_G = 16
        NROWS_G = 8192
        NCOLS_G = 512
        HADDR_WIDTH_G = 32
        SADDR_WIDTH_G = 13
        T_INIT_G = 200000.0
        T_RAS_G = 45.0
        T_RCD_G = 20.0
        T_REF_G = 64000000.0
        T_RFC_G = 65.0
        T_RP_G = 20.0
        T_XSR_G = 75.0
WARNING:Xst:647 - Input <addr_i<31:24>> is never used. This port will be preserved and left unconnected if it belongs to a top-level block or it belongs to a sub-block and the hierarchy of this sub-block is preserved.
    Register <wrPipeline_r<0>> equivalent to <sDataDir_r> has been removed
    Found 14-bit register for signal <rfshCntr_r>.
    Found 14-bit register for signal <nopCntr_r>.
    Found 15-bit register for signal <timer_r>.
    Found 3-bit register for signal <rasTimer_r>.
    Found 3-bit register for signal <state_r>.
    Found 2-bit register for signal <wrTimer_r>.
    Found 2-bit register for signal <ba_r>.
    Found 5-bit register for signal <rdPipeline_r>.
    Found 6-bit register for signal <cmd_r>.
    Found 13-bit register for signal <sAddr_r>.
    Found 16-bit register for signal <sData_r>.
    Found 16-bit register for signal <sdramData_r>.
    Found 10-bit register for signal <refTimer_r>.
    Found 1-bit register for signal <activeFlag_r>.
    Found 1-bit register for signal <opBegun_r>.
    Found 1-bit register for signal <cke_r>.
    Found 1-bit register for signal <sDataDir_r>.
    Found 2-bit register for signal <activeBank_r>.
    Found 13-bit register for signal <activeRow_r<0>>.
    Found finite state machine <FSM_0> for signal <state_r>.
    -----------------------------------------------------------------------
    | States             | 8                                              |
    | Transitions        | 27                                             |
    | Inputs             | 10                                             |
    | Outputs            | 4                                              |
    | Clock              | clk_i (rising_edge)                            |
    | Reset              | rst_i (positive)                               |
    | Reset type         | asynchronous                                   |
    | Reset State        | initwait                                       |
    | Power Up State     | initwait                                       |
    | Encoding           | auto                                           |
    | Implementation     | LUT                                            |
    -----------------------------------------------------------------------
    Found 14-bit adder for signal <nopCntr_r[13]_GND_57_o_add_11_OUT> created at line 442.
    Found 14-bit adder for signal <rfshCntr_r[13]_GND_57_o_add_22_OUT> created at line 488.
    Found 3-bit subtractor for signal <GND_57_o_GND_57_o_sub_16_OUT<2:0>> created at line 458.
    Found 2-bit subtractor for signal <GND_57_o_GND_57_o_sub_19_OUT<1:0>> created at line 471.
    Found 10-bit subtractor for signal <GND_57_o_GND_57_o_sub_22_OUT<9:0>> created at line 482.
    Found 15-bit subtractor for signal <GND_57_o_GND_57_o_sub_27_OUT<14:0>> created at line 497.
    Found 14-bit subtractor for signal <GND_57_o_GND_57_o_sub_82_OUT<13:0>> created at line 678.
    Found 13-bit 7-to-1 multiplexer for signal <state_r[2]_col_s[11]_wide_mux_91_OUT> created at line 506.
    Found 1-bit tristate buffer for signal <sdData_io<15>> created at line 326
    Found 1-bit tristate buffer for signal <sdData_io<14>> created at line 326
    Found 1-bit tristate buffer for signal <sdData_io<13>> created at line 326
    Found 1-bit tristate buffer for signal <sdData_io<12>> created at line 326
    Found 1-bit tristate buffer for signal <sdData_io<11>> created at line 326
    Found 1-bit tristate buffer for signal <sdData_io<10>> created at line 326
    Found 1-bit tristate buffer for signal <sdData_io<9>> created at line 326
    Found 1-bit tristate buffer for signal <sdData_io<8>> created at line 326
    Found 1-bit tristate buffer for signal <sdData_io<7>> created at line 326
    Found 1-bit tristate buffer for signal <sdData_io<6>> created at line 326
    Found 1-bit tristate buffer for signal <sdData_io<5>> created at line 326
    Found 1-bit tristate buffer for signal <sdData_io<4>> created at line 326
    Found 1-bit tristate buffer for signal <sdData_io<3>> created at line 326
    Found 1-bit tristate buffer for signal <sdData_io<2>> created at line 326
    Found 1-bit tristate buffer for signal <sdData_io<1>> created at line 326
    Found 1-bit tristate buffer for signal <sdData_io<0>> created at line 326
    Found 2-bit comparator not equal for signal <n0026> created at line 425
    Found 13-bit comparator not equal for signal <n0028> created at line 425
    Summary:
	inferred   7 Adder/Subtractor(s).
	inferred 135 D-type flip-flop(s).
	inferred   2 Comparator(s).
	inferred  62 Multiplexer(s).
	inferred  16 Tristate(s).
	inferred   1 Finite State Machine(s).
Unit <SdramCntl> synthesized.

=========================================================================
HDL Synthesis Report

Macro Statistics
# Adders/Subtractors                                   : 11
 10-bit subtractor                                     : 1
 14-bit adder                                          : 2
 14-bit subtractor                                     : 1
 15-bit subtractor                                     : 1
 2-bit subtractor                                      : 1
 3-bit subtractor                                      : 1
 32-bit adder                                          : 1
 32-bit subtractor                                     : 1
 4-bit subtractor                                      : 1
 5-bit subtractor                                      : 1
# Registers                                            : 41
 1-bit register                                        : 16
 10-bit register                                       : 1
 13-bit register                                       : 2
 14-bit register                                       : 2
 15-bit register                                       : 1
 16-bit register                                       : 5
 2-bit register                                        : 6
 3-bit register                                        : 1
 32-bit register                                       : 2
 4-bit register                                        : 1
 5-bit register                                        : 2
 6-bit register                                        : 1
 8-bit register                                        : 1
# Comparators                                          : 3
 13-bit comparator not equal                           : 1
 2-bit comparator not equal                            : 1
 32-bit comparator greater                             : 1
# Multiplexers                                         : 79
 1-bit 2-to-1 multiplexer                              : 23
 10-bit 2-to-1 multiplexer                             : 1
 13-bit 2-to-1 multiplexer                             : 1
 13-bit 7-to-1 multiplexer                             : 1
 14-bit 2-to-1 multiplexer                             : 10
 15-bit 2-to-1 multiplexer                             : 8
 16-bit 2-to-1 multiplexer                             : 6
 2-bit 2-to-1 multiplexer                              : 7
 3-bit 2-to-1 multiplexer                              : 2
 32-bit 2-to-1 multiplexer                             : 5
 4-bit 2-to-1 multiplexer                              : 4
 5-bit 2-to-1 multiplexer                              : 4
 6-bit 2-to-1 multiplexer                              : 7
# Tristates                                            : 16
 1-bit tristate buffer                                 : 16
# FSMs                                                 : 1

=========================================================================

=========================================================================
*                       Advanced HDL Synthesis                          *
=========================================================================


Synthesizing (advanced) Unit <SdramCntl>.
The following registers are absorbed into counter <timer_r>: 1 register on signal <timer_r>.
The following registers are absorbed into counter <nopCntr_r>: 1 register on signal <nopCntr_r>.
Unit <SdramCntl> synthesized (advanced).

Synthesizing (advanced) Unit <ramintfc_jtag>.
The following registers are absorbed into counter <resetCnt_v>: 1 register on signal <resetCnt_v>.
Unit <ramintfc_jtag> synthesized (advanced).

=========================================================================
Advanced HDL Synthesis Report

Macro Statistics
# Adders/Subtractors                                   : 8
 10-bit subtractor                                     : 1
 14-bit adder                                          : 1
 14-bit subtractor                                     : 1
 2-bit subtractor                                      : 1
 3-bit subtractor                                      : 1
 32-bit adder                                          : 1
 32-bit subtractor                                     : 1
 5-bit subtractor                                      : 1
# Counters                                             : 3
 14-bit up counter                                     : 1
 15-bit down counter                                   : 1
 4-bit down counter                                    : 1
# Registers                                            : 249
 Flip-Flops                                            : 249
# Comparators                                          : 3
 13-bit comparator not equal                           : 1
 2-bit comparator not equal                            : 1
 32-bit comparator greater                             : 1
# Multiplexers                                         : 77
 1-bit 2-to-1 multiplexer                              : 23
 10-bit 2-to-1 multiplexer                             : 1
 13-bit 2-to-1 multiplexer                             : 1
 13-bit 7-to-1 multiplexer                             : 1
 14-bit 2-to-1 multiplexer                             : 9
 15-bit 2-to-1 multiplexer                             : 7
 16-bit 2-to-1 multiplexer                             : 6
 2-bit 2-to-1 multiplexer                              : 7
 3-bit 2-to-1 multiplexer                              : 2
 32-bit 2-to-1 multiplexer                             : 5
 4-bit 2-to-1 multiplexer                              : 4
 5-bit 2-to-1 multiplexer                              : 4
 6-bit 2-to-1 multiplexer                              : 7
# FSMs                                                 : 1

=========================================================================

=========================================================================
*                         Low Level Synthesis                           *
=========================================================================
Analyzing FSM <MFsm> for best encoding.
Optimizing FSM <u4/FSM_0> on signal <state_r[1:3]> with user encoding.
-------------------------
 State       | Encoding
-------------------------
 initwait    | 000
 initpchg    | 001
 initsetmode | 010
 initrfsh    | 011
 rw          | 100
 activate    | 101
 refreshrow  | 110
 selfrefresh | 111
-------------------------
WARNING:Xst:1293 - FF/Latch <cmd_r_0> has a constant value of 0 in block <SdramCntl>. This FF/Latch will be trimmed during the optimization process.
WARNING:Xst:1896 - Due to other FF/Latch trimming, FF/Latch <cmd_r_1> has a constant value of 0 in block <SdramCntl>. This FF/Latch will be trimmed during the optimization process.
WARNING:Xst:1896 - Due to other FF/Latch trimming, FF/Latch <cmd_r_5> has a constant value of 0 in block <SdramCntl>. This FF/Latch will be trimmed during the optimization process.
WARNING:Xst:2677 - Node <u4/opBegun_r> of sequential type is unconnected in block <ramintfc_jtag>.

Optimizing unit <ramintfc_jtag> ...

Optimizing unit <HostIoToRamCore> ...

Optimizing unit <HostIoHdrScanner> ...
INFO:Xst:2261 - The FF/Latch <u4/sDataDir_r> in Unit <ramintfc_jtag> is equivalent to the following FF/Latch, which will be removed : <u4/wrTimer_r_1> 

Mapping all equations...
Building and optimizing final netlist ...
Found area constraint ratio of 100 (+ 5) on block ramintfc_jtag, actual ratio is 3.
FlipFlop u3/UHostIoToRamCore/UHdrScannner/hdrRcvd_r has been replicated 2 time(s)

Final Macro Processing ...

=========================================================================
Final Register Report

Macro Statistics
# Registers                                            : 282
 Flip-Flops                                            : 282

=========================================================================

=========================================================================
*                           Partition Report                            *
=========================================================================

Partition Implementation Status
-------------------------------

  No Partitions were found in this design.

-------------------------------

=========================================================================
*                            Design Summary                             *
=========================================================================

Top Level Output File Name         : ramintfc_jtag.ngc

Primitive and Black Box Usage:
------------------------------
# BELS                             : 808
#      GND                         : 1
#      INV                         : 64
#      LUT1                        : 47
#      LUT2                        : 15
#      LUT3                        : 92
#      LUT4                        : 66
#      LUT5                        : 81
#      LUT6                        : 188
#      MUXCY                       : 129
#      MUXF7                       : 3
#      VCC                         : 1
#      XORCY                       : 121
# FlipFlops/Latches                : 283
#      FD                          : 109
#      FDC                         : 79
#      FDCE                        : 31
#      FDE                         : 51
#      FDP                         : 8
#      FDR                         : 4
#      ODDR2                       : 1
# Clock Buffers                    : 3
#      BUFG                        : 2
#      BUFGP                       : 1
# IO Buffers                       : 40
#      IBUFG                       : 1
#      IOBUF                       : 16
#      OBUF                        : 23
# DCMs                             : 1
#      DCM_SP                      : 1
# Others                           : 1
#      BSCAN_SPARTAN6              : 1

Device utilization summary:
---------------------------

Selected Device : 6slx25ftg256-2 


Slice Logic Utilization: 
 Number of Slice Registers:             283  out of  30064     0%  
 Number of Slice LUTs:                  553  out of  15032     3%  
    Number used as Logic:               553  out of  15032     3%  

Slice Logic Distribution: 
 Number of LUT Flip Flop pairs used:    579
   Number with an unused Flip Flop:     296  out of    579    51%  
   Number with an unused LUT:            26  out of    579     4%  
   Number of fully used LUT-FF pairs:   257  out of    579    44%  
   Number of unique control sets:        12

IO Utilization: 
 Number of IOs:                          41
 Number of bonded IOBs:                  41  out of    186    22%  

Specific Feature Utilization:
 Number of BUFG/BUFGCTRLs:                3  out of     16    18%  

---------------------------
Partition Resource Summary:
---------------------------

  No Partitions were found in this design.

---------------------------


=========================================================================
Timing Report

NOTE: THESE TIMING NUMBERS ARE ONLY A SYNTHESIS ESTIMATE.
      FOR ACCURATE TIMING INFORMATION PLEASE REFER TO THE TRACE REPORT
      GENERATED AFTER PLACE-and-ROUTE.

Clock Information:
------------------
-----------------------------------+--------------------------------------------+-------+
Clock Signal                       | Clock buffer(FF name)                      | Load  |
-----------------------------------+--------------------------------------------+-------+
sdClkFb_i                          | BUFGP                                      | 148   |
fpgaClk_i                          | DCM_SP:CLKFX                               | 1     |
fpgaClk_i                          | DCM_SP:CLKFX180                            | 1     |
drck_s                             | NONE(u3/UHostIoToRamCore/dataFromHost_o_15)| 134   |
-----------------------------------+--------------------------------------------+-------+
INFO:Xst:2169 - HDL ADVISOR - Some clock signals were not automatically buffered by XST with BUFG/BUFR resources. Please use the buffer_type constraint in order to insert these buffers to the clock signals to help prevent skew problems.

Asynchronous Control Signals Information:
----------------------------------------
No asynchronous control signals found in this design

Timing Summary:
---------------
Speed Grade: -2

   Minimum period: 6.733ns (Maximum Frequency: 148.531MHz)
   Minimum input arrival time before clock: 3.490ns
   Maximum output required time after clock: 5.782ns
   Maximum combinational path delay: No path found

Timing Details:
---------------
All values displayed in nanoseconds (ns)

=========================================================================
Timing constraint: Default period analysis for Clock 'sdClkFb_i'
  Clock period: 6.451ns (frequency: 155.015MHz)
  Total number of paths / destination ports: 6551 / 300
-------------------------------------------------------------------------
Delay:               6.451ns (Levels of Logic = 5)
  Source:            u4/nopCntr_r_2 (FF)
  Destination:       u4/timer_r_13 (FF)
  Source Clock:      sdClkFb_i rising
  Destination Clock: sdClkFb_i rising

  Data Path: u4/nopCntr_r_2 to u4/timer_r_13
                                Gate     Net
    Cell:in->out      fanout   Delay   Delay  Logical Name (Net Name)
    ----------------------------------------  ------------
     FDCE:C->Q             2   0.525   1.181  u4/nopCntr_r_2 (u4/nopCntr_r_2)
     LUT6:I0->O            6   0.254   0.984  u4/doSelfRfsh_s2 (u4/doSelfRfsh_s2)
     LUT6:I4->O            1   0.250   0.681  u4/doSelfRfsh_s3_1 (u4/doSelfRfsh_s3)
     MUXF7:S->O            1   0.185   0.682  u4/doActivate_s1_SW1 (N60)
     LUT6:I5->O           14   0.254   1.127  u4/Mmux_GND_57_o_GND_57_o_mux_62_OUT61 (u4/GND_57_o_GND_57_o_mux_62_OUT<4>)
     LUT6:I5->O            1   0.254   0.000  u4/Mmux_cmd_x51 (u4/cmd_x<4>)
     FDP:D                     0.074          u4/cmd_r_4
    ----------------------------------------
    Total                      6.451ns (1.796ns logic, 4.655ns route)
                                       (27.8% logic, 72.2% route)

=========================================================================
Timing constraint: Default period analysis for Clock 'drck_s'
  Clock period: 6.733ns (frequency: 148.531MHz)
  Total number of paths / destination ports: 6387 / 166
-------------------------------------------------------------------------
Delay:               6.733ns (Levels of Logic = 4)
  Source:            u3/UHostIoToRamCore/UHdrScannner/id_r_5 (FF)
  Destination:       u3/UHostIoToRamCore/dataFromHost_o_15 (FF)
  Source Clock:      drck_s rising
  Destination Clock: drck_s rising

  Data Path: u3/UHostIoToRamCore/UHdrScannner/id_r_5 to u3/UHostIoToRamCore/dataFromHost_o_15
                                Gate     Net
    Cell:in->out      fanout   Delay   Delay  Logical Name (Net Name)
    ----------------------------------------  ------------
     FD:C->Q               3   0.525   1.042  u3/UHostIoToRamCore/UHdrScannner/id_r_5 (u3/UHostIoToRamCore/UHdrScannner/id_r_5)
     LUT4:I0->O            1   0.254   0.682  u3/UHostIoToRamCore/UHdrScannner/active_o_SW0 (N12)
     LUT6:I5->O           60   0.254   2.007  u3/UHostIoToRamCore/UHdrScannner/active_o (u3/UHostIoToRamCore/active_s)
     LUT3:I1->O           16   0.250   1.410  u3/UHostIoToRamCore/_n0173_inv2_rstpot (u3/UHostIoToRamCore/_n0173_inv2_rstpot)
     LUT3:I0->O            1   0.235   0.000  u3/UHostIoToRamCore/dataFromHost_o_0_dpot (u3/UHostIoToRamCore/dataFromHost_o_0_dpot)
     FDE:D                     0.074          u3/UHostIoToRamCore/dataFromHost_o_0
    ----------------------------------------
    Total                      6.733ns (1.592ns logic, 5.141ns route)
                                       (23.6% logic, 76.4% route)

=========================================================================
Timing constraint: Default OFFSET IN BEFORE for Clock 'drck_s'
  Total number of paths / destination ports: 136 / 47
-------------------------------------------------------------------------
Offset:              3.490ns (Levels of Logic = 3)
  Source:            u2/spartan6_bscan.UBscanUser:TDI (PAD)
  Destination:       u3/UHostIoToRamCore/shiftReg_r_15 (FF)
  Destination Clock: drck_s rising

  Data Path: u2/spartan6_bscan.UBscanUser:TDI to u3/UHostIoToRamCore/shiftReg_r_15
                                Gate     Net
    Cell:in->out      fanout   Delay   Delay  Logical Name (Net Name)
    ----------------------------------------  ------------
    BSCAN_SPARTAN6:TDI     7   0.000   0.910  u2/spartan6_bscan.UBscanUser (tdi_s)
     LUT2:I1->O            1   0.254   0.958  u3/UHostIoToRamCore/Mmux_opcode_r[1]_GND_52_o_wide_mux_24_OUT7_SW0 (N8)
     LUT6:I2->O            1   0.254   0.790  u3/UHostIoToRamCore/Mmux_opcode_r[1]_GND_52_o_wide_mux_24_OUT7 (u3/UHostIoToRamCore/opcode_r[1]_GND_52_o_wide_mux_24_OUT<15>)
     LUT6:I4->O            1   0.250   0.000  u3/UHostIoToRamCore/shiftReg_r_15_glue_set (u3/UHostIoToRamCore/shiftReg_r_15_glue_set)
     FD:D                      0.074          u3/UHostIoToRamCore/shiftReg_r_15
    ----------------------------------------
    Total                      3.490ns (0.832ns logic, 2.658ns route)
                                       (23.8% logic, 76.2% route)

=========================================================================
Timing constraint: Default OFFSET IN BEFORE for Clock 'sdClkFb_i'
  Total number of paths / destination ports: 16 / 16
-------------------------------------------------------------------------
Offset:              2.338ns (Levels of Logic = 2)
  Source:            sdData_io<0> (PAD)
  Destination:       u4/sdramData_r_0 (FF)
  Destination Clock: sdClkFb_i rising

  Data Path: sdData_io<0> to u4/sdramData_r_0
                                Gate     Net
    Cell:in->out      fanout   Delay   Delay  Logical Name (Net Name)
    ----------------------------------------  ------------
     IOBUF:IO->O           1   1.328   0.682  sdData_io_0_IOBUF (N29)
     LUT3:I2->O            1   0.254   0.000  u4/sdramData_r_0_rstpot (u4/sdramData_r_0_rstpot)
     FDC:D                     0.074          u4/sdramData_r_0
    ----------------------------------------
    Total                      2.338ns (1.656ns logic, 0.682ns route)
                                       (70.8% logic, 29.2% route)

=========================================================================
Timing constraint: Default OFFSET OUT AFTER for Clock 'sdClkFb_i'
  Total number of paths / destination ports: 51 / 35
-------------------------------------------------------------------------
Offset:              5.782ns (Levels of Logic = 2)
  Source:            u4/sDataDir_r (FF)
  Destination:       sdData_io<15> (PAD)
  Source Clock:      sdClkFb_i rising

  Data Path: u4/sDataDir_r to sdData_io<15>
                                Gate     Net
    Cell:in->out      fanout   Delay   Delay  Logical Name (Net Name)
    ----------------------------------------  ------------
     FDC:C->Q              7   0.525   0.909  u4/sDataDir_r (u4/sDataDir_r)
     INV:I->O             16   0.255   1.181  u4/sDataDir_r_inv1_INV_0 (u4/sDataDir_r_inv)
     IOBUF:T->IO               2.912          sdData_io_15_IOBUF (sdData_io<15>)
    ----------------------------------------
    Total                      5.782ns (3.692ns logic, 2.090ns route)
                                       (63.9% logic, 36.1% route)

=========================================================================
Timing constraint: Default OFFSET OUT AFTER for Clock 'drck_s'
  Total number of paths / destination ports: 10 / 1
-------------------------------------------------------------------------
Offset:              5.014ns (Levels of Logic = 3)
  Source:            u3/UHostIoToRamCore/UHdrScannner/id_r_5 (FF)
  Destination:       u2/spartan6_bscan.UBscanUser:TDO (PAD)
  Source Clock:      drck_s rising

  Data Path: u3/UHostIoToRamCore/UHdrScannner/id_r_5 to u2/spartan6_bscan.UBscanUser:TDO
                                Gate     Net
    Cell:in->out      fanout   Delay   Delay  Logical Name (Net Name)
    ----------------------------------------  ------------
     FD:C->Q               3   0.525   1.042  u3/UHostIoToRamCore/UHdrScannner/id_r_5 (u3/UHostIoToRamCore/UHdrScannner/id_r_5)
     LUT4:I0->O            1   0.254   0.682  u3/UHostIoToRamCore/UHdrScannner/active_o_SW0 (N12)
     LUT6:I5->O           60   0.254   2.007  u3/UHostIoToRamCore/UHdrScannner/active_o (u3/UHostIoToRamCore/active_s)
     LUT2:I0->O            0   0.250   0.000  u3/UHostIoToRamCore/Mmux_tdo_o11 (tdo_s)
    BSCAN_SPARTAN6:TDO         0.000          u2/spartan6_bscan.UBscanUser
    ----------------------------------------
    Total                      5.014ns (1.283ns logic, 3.731ns route)
                                       (25.6% logic, 74.4% route)

=========================================================================

Cross Clock Domains Report:
--------------------------

Clock to Setup on destination clock drck_s
---------------+---------+---------+---------+---------+
               | Src:Rise| Src:Fall| Src:Rise| Src:Fall|
Source Clock   |Dest:Rise|Dest:Rise|Dest:Fall|Dest:Fall|
---------------+---------+---------+---------+---------+
drck_s         |    6.733|         |         |         |
sdClkFb_i      |    5.134|         |         |         |
---------------+---------+---------+---------+---------+

Clock to Setup on destination clock sdClkFb_i
---------------+---------+---------+---------+---------+
               | Src:Rise| Src:Fall| Src:Rise| Src:Fall|
Source Clock   |Dest:Rise|Dest:Rise|Dest:Fall|Dest:Fall|
---------------+---------+---------+---------+---------+
drck_s         |    5.630|         |         |         |
sdClkFb_i      |    6.451|         |         |         |
---------------+---------+---------+---------+---------+

=========================================================================


Total REAL time to Xst completion: 8.00 secs
Total CPU time to Xst completion: 7.70 secs
 
--> 

Total memory usage is 276880 kilobytes

Number of errors   :    0 (   0 filtered)
Number of warnings :   27 (   0 filtered)
Number of infos    :    7 (   0 filtered)

