Running: /opt/Xilinx/14.3/ISE_DS/ISE/bin/lin/unwrapped/fuse -intstyle ise -incremental -o /home/hendri/Documents/workspaceXilinx/blinker/blinkerTestBench_isim_beh.exe -prj /home/hendri/Documents/workspaceXilinx/blinker/blinkerTestBench_beh.prj work.blinkerTestBench 
ISim P.40xd (signature 0xfbc00daa)
Number of CPUs detected in this system: 1
Turning on mult-threading, number of parallel sub-compilation jobs: 0 
Determining compilation order of HDL files
Parsing VHDL file "/home/hendri/Documents/workspaceXilinx/blinker/blinker.vhd" into library work
Parsing VHDL file "/home/hendri/Documents/workspaceXilinx/blinker/blinkerTestBench.vhd" into library work
Starting static elaboration
Completed static elaboration
Fuse Memory Usage: 37540 KB
Fuse CPU Usage: 2420 ms
Compiling package standard
Compiling package std_logic_1164
Compiling package std_logic_arith
Compiling package std_logic_unsigned
Compiling architecture behavioral of entity blinker [blinker_default]
Compiling architecture behavior of entity blinkertestbench
Time Resolution for simulation is 1ps.
Compiled 7 VHDL Units
Built simulation executable /home/hendri/Documents/workspaceXilinx/blinker/blinkerTestBench_isim_beh.exe
Fuse Memory Usage: 50608 KB
Fuse CPU Usage: 2600 ms
GCC CPU Usage: 4230 ms
