Release 14.4 - xst P.49d (lin)
Copyright (c) 1995-2012 Xilinx, Inc.  All rights reserved.
--> 
Parameter TMPDIR set to xst/projnav.tmp


Total REAL time to Xst completion: 0.00 secs
Total CPU time to Xst completion: 0.15 secs
 
--> 
Parameter xsthdpdir set to xst


Total REAL time to Xst completion: 0.00 secs
Total CPU time to Xst completion: 0.15 secs
 
--> 
Reading design: ROM.prj

TABLE OF CONTENTS
  1) Synthesis Options Summary
  2) HDL Compilation
  3) Design Hierarchy Analysis
  4) HDL Analysis
  5) HDL Synthesis
     5.1) HDL Synthesis Report
  6) Advanced HDL Synthesis
     6.1) Advanced HDL Synthesis Report
  7) Low Level Synthesis
  8) Partition Report
  9) Final Report
	9.1) Device utilization summary
	9.2) Partition Resource Summary
	9.3) TIMING REPORT


=========================================================================
*                      Synthesis Options Summary                        *
=========================================================================
---- Source Parameters
Input File Name                    : "ROM.prj"
Input Format                       : mixed
Ignore Synthesis Constraint File   : NO

---- Target Parameters
Output File Name                   : "ROM"
Output Format                      : NGC
Target Device                      : xc3s50a-4-vq100

---- Source Options
Top Module Name                    : ROM
Automatic FSM Extraction           : YES
FSM Encoding Algorithm             : Auto
Safe Implementation                : No
FSM Style                          : LUT
RAM Extraction                     : Yes
RAM Style                          : Auto
ROM Extraction                     : Yes
Mux Style                          : Auto
Decoder Extraction                 : YES
Priority Encoder Extraction        : Yes
Shift Register Extraction          : YES
Logical Shifter Extraction         : YES
XOR Collapsing                     : YES
ROM Style                          : Auto
Mux Extraction                     : Yes
Resource Sharing                   : YES
Asynchronous To Synchronous        : NO
Multiplier Style                   : Auto
Automatic Register Balancing       : No

---- Target Options
Add IO Buffers                     : YES
Global Maximum Fanout              : 100000
Add Generic Clock Buffer(BUFG)     : 24
Register Duplication               : YES
Slice Packing                      : YES
Optimize Instantiated Primitives   : NO
Use Clock Enable                   : Yes
Use Synchronous Set                : Yes
Use Synchronous Reset              : Yes
Pack IO Registers into IOBs        : Auto
Equivalent register Removal        : YES

---- General Options
Optimization Goal                  : Speed
Optimization Effort                : 1
Keep Hierarchy                     : No
Netlist Hierarchy                  : As_Optimized
RTL Output                         : Yes
Global Optimization                : AllClockNets
Read Cores                         : YES
Write Timing Constraints           : NO
Cross Clock Analysis               : NO
Hierarchy Separator                : /
Bus Delimiter                      : <>
Case Specifier                     : Maintain
Slice Utilization Ratio            : 100
BRAM Utilization Ratio             : 100
Verilog 2001                       : YES
Auto BRAM Packing                  : NO
Slice Utilization Ratio Delta      : 5

=========================================================================


=========================================================================
*                          HDL Compilation                              *
=========================================================================
WARNING:HDLParsers:3607 - Unit work/ROM is now defined in a different file.  It was defined in "/home/hendri/Documents/workspaceXilinx/LCDROM/ROM.vhd", and is now defined in "/home/hendri/Documents/workspaceXilinx/cobaLCD/ROM.vhd".
WARNING:HDLParsers:3607 - Unit work/ROM/Behavioral is now defined in a different file.  It was defined in "/home/hendri/Documents/workspaceXilinx/LCDROM/ROM.vhd", and is now defined in "/home/hendri/Documents/workspaceXilinx/cobaLCD/ROM.vhd".
Compiling vhdl file "/home/hendri/Documents/workspaceXilinx/cobaLCD/ROM.vhd" in Library work.
Architecture behavioral of Entity rom is up to date.

=========================================================================
*                     Design Hierarchy Analysis                         *
=========================================================================
Analyzing hierarchy for entity <ROM> in library <work> (architecture <behavioral>).


=========================================================================
*                            HDL Analysis                               *
=========================================================================
Analyzing Entity <ROM> in library <work> (Architecture <behavioral>).
Entity <ROM> analyzed. Unit <ROM> generated.


=========================================================================
*                           HDL Synthesis                               *
=========================================================================

Performing bidirectional port resolution...

Synthesizing Unit <ROM>.
    Related source file is "/home/hendri/Documents/workspaceXilinx/cobaLCD/ROM.vhd".
    Found 32x8-bit ROM for signal <dataOut$mux0002>.
    Found 8-bit register for signal <dataOut>.
    Found 1-bit register for signal <Rs>.
    Found 1-bit register for signal <En>.
    Found 32-bit up counter for signal <cntOut>.
    Found 16-bit up counter for signal <prescaller>.
    Found 16-bit comparator less for signal <prescaller$cmp_lt0000> created at line 31.
    Found 1-bit register for signal <pscOut>.
    Summary:
	inferred   1 ROM(s).
	inferred   2 Counter(s).
	inferred  11 D-type flip-flop(s).
	inferred   1 Comparator(s).
Unit <ROM> synthesized.


=========================================================================
HDL Synthesis Report

Macro Statistics
# ROMs                                                 : 1
 32x8-bit ROM                                          : 1
# Counters                                             : 2
 16-bit up counter                                     : 1
 32-bit up counter                                     : 1
# Registers                                            : 4
 1-bit register                                        : 3
 8-bit register                                        : 1
# Comparators                                          : 1
 16-bit comparator less                                : 1

=========================================================================

=========================================================================
*                       Advanced HDL Synthesis                          *
=========================================================================


Synthesizing (advanced) Unit <ROM>.
INFO:Xst:3034 - In order to maximize performance and save block RAM resources, the small ROM <Mrom_dataOut_mux0002> will be implemented on LUT. If you want to force its implementation on block, use option/constraint rom_style.
Unit <ROM> synthesized (advanced).

=========================================================================
Advanced HDL Synthesis Report

Macro Statistics
# ROMs                                                 : 1
 32x8-bit ROM                                          : 1
# Counters                                             : 2
 16-bit up counter                                     : 1
 32-bit up counter                                     : 1
# Registers                                            : 11
 Flip-Flops                                            : 11
# Comparators                                          : 1
 16-bit comparator less                                : 1

=========================================================================

=========================================================================
*                         Low Level Synthesis                           *
=========================================================================
WARNING:Xst:1710 - FF/Latch <dataOut_7> (without init value) has a constant value of 0 in block <ROM>. This FF/Latch will be trimmed during the optimization process.
INFO:Xst:2261 - The FF/Latch <dataOut_4> in Unit <ROM> is equivalent to the following FF/Latch, which will be removed : <dataOut_5> 

Optimizing unit <ROM> ...

Mapping all equations...
Building and optimizing final netlist ...
Found area constraint ratio of 100 (+ 5) on block ROM, actual ratio is 7.

Final Macro Processing ...

=========================================================================
Final Register Report

Macro Statistics
# Registers                                            : 57
 Flip-Flops                                            : 57

=========================================================================

=========================================================================
*                           Partition Report                            *
=========================================================================

Partition Implementation Status
-------------------------------

  No Partitions were found in this design.

-------------------------------

=========================================================================
*                            Final Report                               *
=========================================================================
Final Results
RTL Top Level Output File Name     : ROM.ngr
Top Level Output File Name         : ROM
Output Format                      : NGC
Optimization Goal                  : Speed
Keep Hierarchy                     : No

Design Statistics
# IOs                              : 12

Cell Usage :
# BELS                             : 214
#      GND                         : 1
#      INV                         : 7
#      LUT1                        : 48
#      LUT2                        : 3
#      LUT2_D                      : 2
#      LUT2_L                      : 3
#      LUT3                        : 5
#      LUT3_L                      : 1
#      LUT4                        : 25
#      MUXCY                       : 68
#      MUXF5                       : 2
#      VCC                         : 1
#      XORCY                       : 48
# FlipFlops/Latches                : 57
#      FD                          : 1
#      FDE                         : 1
#      FDR                         : 19
#      FDRE                        : 32
#      FDRS                        : 3
#      FDS                         : 1
# Clock Buffers                    : 2
#      BUFG                        : 1
#      BUFGP                       : 1
# IO Buffers                       : 11
#      IBUF                        : 1
#      OBUF                        : 10
=========================================================================

Device utilization summary:
---------------------------

Selected Device : 3s50avq100-4 

 Number of Slices:                       47  out of    704     6%  
 Number of Slice Flip Flops:             57  out of   1408     4%  
 Number of 4 input LUTs:                 94  out of   1408     6%  
 Number of IOs:                          12
 Number of bonded IOBs:                  12  out of     68    17%  
 Number of GCLKs:                         2  out of     24     8%  

---------------------------
Partition Resource Summary:
---------------------------

  No Partitions were found in this design.

---------------------------


=========================================================================
TIMING REPORT

NOTE: THESE TIMING NUMBERS ARE ONLY A SYNTHESIS ESTIMATE.
      FOR ACCURATE TIMING INFORMATION PLEASE REFER TO THE TRACE REPORT
      GENERATED AFTER PLACE-and-ROUTE.

Clock Information:
------------------
-----------------------------------+------------------------+-------+
Clock Signal                       | Clock buffer(FF name)  | Load  |
-----------------------------------+------------------------+-------+
clk                                | BUFGP                  | 17    |
pscOut                             | BUFG                   | 40    |
-----------------------------------+------------------------+-------+

Asynchronous Control Signals Information:
----------------------------------------
No asynchronous control signals found in this design

Timing Summary:
---------------
Speed Grade: -4

   Minimum period: 5.928ns (Maximum Frequency: 168.691MHz)
   Minimum input arrival time before clock: 4.048ns
   Maximum output required time after clock: 5.642ns
   Maximum combinational path delay: No path found

Timing Detail:
--------------
All values displayed in nanoseconds (ns)

=========================================================================
Timing constraint: Default period analysis for Clock 'clk'
  Clock period: 4.847ns (frequency: 206.313MHz)
  Total number of paths / destination ports: 324 / 34
-------------------------------------------------------------------------
Delay:               4.847ns (Levels of Logic = 8)
  Source:            prescaller_5 (FF)
  Destination:       prescaller_0 (FF)
  Source Clock:      clk rising
  Destination Clock: clk rising

  Data Path: prescaller_5 to prescaller_0
                                Gate     Net
    Cell:in->out      fanout   Delay   Delay  Logical Name (Net Name)
    ----------------------------------------  ------------
     FDR:C->Q              2   0.591   0.590  prescaller_5 (prescaller_5)
     LUT2:I0->O            1   0.648   0.000  Mcompar_prescaller_cmp_lt0000_lut<0> (Mcompar_prescaller_cmp_lt0000_lut<0>)
     MUXCY:S->O            1   0.632   0.000  Mcompar_prescaller_cmp_lt0000_cy<0> (Mcompar_prescaller_cmp_lt0000_cy<0>)
     MUXCY:CI->O           1   0.065   0.000  Mcompar_prescaller_cmp_lt0000_cy<1> (Mcompar_prescaller_cmp_lt0000_cy<1>)
     MUXCY:CI->O           1   0.065   0.000  Mcompar_prescaller_cmp_lt0000_cy<2> (Mcompar_prescaller_cmp_lt0000_cy<2>)
     MUXCY:CI->O           1   0.065   0.000  Mcompar_prescaller_cmp_lt0000_cy<3> (Mcompar_prescaller_cmp_lt0000_cy<3>)
     MUXCY:CI->O           1   0.065   0.000  Mcompar_prescaller_cmp_lt0000_cy<4> (Mcompar_prescaller_cmp_lt0000_cy<4>)
     MUXCY:CI->O           1   0.065   0.000  Mcompar_prescaller_cmp_lt0000_cy<5> (Mcompar_prescaller_cmp_lt0000_cy<5>)
     MUXCY:CI->O          17   0.141   1.051  Mcompar_prescaller_cmp_lt0000_cy<6> (Mcompar_prescaller_cmp_lt0000_cy<6>)
     FDR:R                     0.869          prescaller_0
    ----------------------------------------
    Total                      4.847ns (3.206ns logic, 1.641ns route)
                                       (66.1% logic, 33.9% route)

=========================================================================
Timing constraint: Default period analysis for Clock 'pscOut'
  Clock period: 5.928ns (frequency: 168.691MHz)
  Total number of paths / destination ports: 1865 / 82
-------------------------------------------------------------------------
Delay:               5.928ns (Levels of Logic = 32)
  Source:            cntOut_1 (FF)
  Destination:       cntOut_31 (FF)
  Source Clock:      pscOut rising
  Destination Clock: pscOut rising

  Data Path: cntOut_1 to cntOut_31
                                Gate     Net
    Cell:in->out      fanout   Delay   Delay  Logical Name (Net Name)
    ----------------------------------------  ------------
     FDRE:C->Q            11   0.591   1.076  cntOut_1 (cntOut_1)
     LUT1:I0->O            1   0.648   0.000  Mcount_cntOut_cy<1>_rt (Mcount_cntOut_cy<1>_rt)
     MUXCY:S->O            1   0.632   0.000  Mcount_cntOut_cy<1> (Mcount_cntOut_cy<1>)
     MUXCY:CI->O           1   0.065   0.000  Mcount_cntOut_cy<2> (Mcount_cntOut_cy<2>)
     MUXCY:CI->O           1   0.065   0.000  Mcount_cntOut_cy<3> (Mcount_cntOut_cy<3>)
     MUXCY:CI->O           1   0.065   0.000  Mcount_cntOut_cy<4> (Mcount_cntOut_cy<4>)
     MUXCY:CI->O           1   0.065   0.000  Mcount_cntOut_cy<5> (Mcount_cntOut_cy<5>)
     MUXCY:CI->O           1   0.065   0.000  Mcount_cntOut_cy<6> (Mcount_cntOut_cy<6>)
     MUXCY:CI->O           1   0.065   0.000  Mcount_cntOut_cy<7> (Mcount_cntOut_cy<7>)
     MUXCY:CI->O           1   0.065   0.000  Mcount_cntOut_cy<8> (Mcount_cntOut_cy<8>)
     MUXCY:CI->O           1   0.065   0.000  Mcount_cntOut_cy<9> (Mcount_cntOut_cy<9>)
     MUXCY:CI->O           1   0.065   0.000  Mcount_cntOut_cy<10> (Mcount_cntOut_cy<10>)
     MUXCY:CI->O           1   0.065   0.000  Mcount_cntOut_cy<11> (Mcount_cntOut_cy<11>)
     MUXCY:CI->O           1   0.065   0.000  Mcount_cntOut_cy<12> (Mcount_cntOut_cy<12>)
     MUXCY:CI->O           1   0.065   0.000  Mcount_cntOut_cy<13> (Mcount_cntOut_cy<13>)
     MUXCY:CI->O           1   0.065   0.000  Mcount_cntOut_cy<14> (Mcount_cntOut_cy<14>)
     MUXCY:CI->O           1   0.065   0.000  Mcount_cntOut_cy<15> (Mcount_cntOut_cy<15>)
     MUXCY:CI->O           1   0.065   0.000  Mcount_cntOut_cy<16> (Mcount_cntOut_cy<16>)
     MUXCY:CI->O           1   0.065   0.000  Mcount_cntOut_cy<17> (Mcount_cntOut_cy<17>)
     MUXCY:CI->O           1   0.065   0.000  Mcount_cntOut_cy<18> (Mcount_cntOut_cy<18>)
     MUXCY:CI->O           1   0.065   0.000  Mcount_cntOut_cy<19> (Mcount_cntOut_cy<19>)
     MUXCY:CI->O           1   0.065   0.000  Mcount_cntOut_cy<20> (Mcount_cntOut_cy<20>)
     MUXCY:CI->O           1   0.065   0.000  Mcount_cntOut_cy<21> (Mcount_cntOut_cy<21>)
     MUXCY:CI->O           1   0.065   0.000  Mcount_cntOut_cy<22> (Mcount_cntOut_cy<22>)
     MUXCY:CI->O           1   0.065   0.000  Mcount_cntOut_cy<23> (Mcount_cntOut_cy<23>)
     MUXCY:CI->O           1   0.065   0.000  Mcount_cntOut_cy<24> (Mcount_cntOut_cy<24>)
     MUXCY:CI->O           1   0.065   0.000  Mcount_cntOut_cy<25> (Mcount_cntOut_cy<25>)
     MUXCY:CI->O           1   0.065   0.000  Mcount_cntOut_cy<26> (Mcount_cntOut_cy<26>)
     MUXCY:CI->O           1   0.065   0.000  Mcount_cntOut_cy<27> (Mcount_cntOut_cy<27>)
     MUXCY:CI->O           1   0.065   0.000  Mcount_cntOut_cy<28> (Mcount_cntOut_cy<28>)
     MUXCY:CI->O           1   0.065   0.000  Mcount_cntOut_cy<29> (Mcount_cntOut_cy<29>)
     MUXCY:CI->O           0   0.065   0.000  Mcount_cntOut_cy<30> (Mcount_cntOut_cy<30>)
     XORCY:CI->O           1   0.844   0.000  Mcount_cntOut_xor<31> (Result<31>)
     FDRE:D                    0.252          cntOut_31
    ----------------------------------------
    Total                      5.928ns (4.852ns logic, 1.076ns route)
                                       (81.8% logic, 18.2% route)

=========================================================================
Timing constraint: Default OFFSET IN BEFORE for Clock 'pscOut'
  Total number of paths / destination ports: 32 / 32
-------------------------------------------------------------------------
Offset:              4.048ns (Levels of Logic = 2)
  Source:            reset (PAD)
  Destination:       cntOut_0 (FF)
  Destination Clock: pscOut rising

  Data Path: reset to cntOut_0
                                Gate     Net
    Cell:in->out      fanout   Delay   Delay  Logical Name (Net Name)
    ----------------------------------------  ------------
     IBUF:I->O             1   0.849   0.420  reset_IBUF (reset_IBUF)
     INV:I->O             32   0.648   1.262  reset_inv1_INV_0 (reset_inv)
     FDRE:R                    0.869          cntOut_0
    ----------------------------------------
    Total                      4.048ns (2.366ns logic, 1.682ns route)
                                       (58.4% logic, 41.6% route)

=========================================================================
Timing constraint: Default OFFSET OUT AFTER for Clock 'pscOut'
  Total number of paths / destination ports: 9 / 9
-------------------------------------------------------------------------
Offset:              5.642ns (Levels of Logic = 1)
  Source:            Rs (FF)
  Destination:       Rs (PAD)
  Source Clock:      pscOut rising

  Data Path: Rs to Rs
                                Gate     Net
    Cell:in->out      fanout   Delay   Delay  Logical Name (Net Name)
    ----------------------------------------  ------------
     FDS:C->Q              3   0.591   0.531  Rs (Rs_OBUF)
     OBUF:I->O                 4.520          Rs_OBUF (Rs)
    ----------------------------------------
    Total                      5.642ns (5.111ns logic, 0.531ns route)
                                       (90.6% logic, 9.4% route)

=========================================================================


Total REAL time to Xst completion: 14.00 secs
Total CPU time to Xst completion: 11.45 secs
 
--> 


Total memory usage is 180684 kilobytes

Number of errors   :    0 (   0 filtered)
Number of warnings :    3 (   0 filtered)
Number of infos    :    2 (   0 filtered)

