--------------------------------------------------------------------------------
Release 14.4 Trace  (lin)
Copyright (c) 1995-2012 Xilinx, Inc.  All rights reserved.

/opt/Xilinx/14.4/ISE_DS/ISE/bin/lin/unwrapped/trce -intstyle ise -v 3 -s 4 -n 3
-fastpaths -xml blinker.twx blinker.ncd -o blinker.twr blinker.pcf -ucf
blinker.ucf

Design file:              blinker.ncd
Physical constraint file: blinker.pcf
Device,package,speed:     xc3s250e,cp132,-4 (PRODUCTION 1.27 2012-12-04)
Report level:             verbose report

Environment Variable      Effect 
--------------------      ------ 
NONE                      No environment variables were set
--------------------------------------------------------------------------------

INFO:Timing:2698 - No timing constraints found, doing default enumeration.
INFO:Timing:3412 - To improve timing, see the Timing Closure User Guide (UG612).
INFO:Timing:2752 - To get complete path coverage, use the unconstrained paths 
   option. All paths that are not constrained will be reported in the 
   unconstrained paths section(s) of the report.
INFO:Timing:3339 - The clock-to-out numbers in this timing report are based on 
   a 50 Ohm transmission line loading model.  For the details of this model, 
   and for more information on accounting for different loading conditions, 
   please see the device datasheet.
INFO:Timing:3390 - This architecture does not support a default System Jitter 
   value, please add SYSTEM_JITTER constraint to the UCF to modify the Clock 
   Uncertainty calculation.
INFO:Timing:3389 - This architecture does not support 'Discrete Jitter' and 
   'Phase Error' calculations, these terms will be zero in the Clock 
   Uncertainty calculation.  Please make appropriate modification to 
   SYSTEM_JITTER to account for the unsupported Discrete Jitter and Phase 
   Error.



Data Sheet report:
-----------------
All values displayed in nanoseconds (ns)

Clock clk_i to Pad
------------+------------+------------------+--------+
            | clk (edge) |                  | Clock  |
Destination |   to PAD   |Internal Clock(s) | Phase  |
------------+------------+------------------+--------+
blinker_o   |    9.437(R)|clk_i_BUFGP       |   0.000|
segA        |   10.014(R)|clk_i_BUFGP       |   0.000|
------------+------------+------------------+--------+

Clock to Setup on destination clock clk_i
---------------+---------+---------+---------+---------+
               | Src:Rise| Src:Fall| Src:Rise| Src:Fall|
Source Clock   |Dest:Rise|Dest:Rise|Dest:Fall|Dest:Fall|
---------------+---------+---------+---------+---------+
clk_i          |    4.299|         |         |         |
---------------+---------+---------+---------+---------+

Pad to Pad
---------------+---------------+---------+
Source Pad     |Destination Pad|  Delay  |
---------------+---------------+---------+
sw1            |en1            |    6.828|
sw2            |en2            |    7.138|
sw3            |en3            |    6.362|
sw4            |en4            |    7.828|
---------------+---------------+---------+


Analysis completed Sat Feb  2 14:51:45 2013 
--------------------------------------------------------------------------------

Trace Settings:
-------------------------
Trace Settings 

Peak Memory Usage: 99 MB



