Running: /opt/Xilinx/14.3/ISE_DS/ISE/bin/lin/unwrapped/fuse -relaunch -intstyle "ise" -incremental -o "/home/hendri/Documents/workspaceXilinx/PBsegmentV2/decoderTestbench_isim_beh.exe" -prj "/home/hendri/Documents/workspaceXilinx/PBsegmentV2/decoderTestbench_beh.prj" "work.decoderTestbench" 
ISim P.40xd (signature 0xfbc00daa)
Number of CPUs detected in this system: 1
Turning on mult-threading, number of parallel sub-compilation jobs: 0 
Determining compilation order of HDL files
Parsing VHDL file "/home/hendri/Documents/workspaceXilinx/PBsegmentV2/decoder.vhd" into library work
Parsing VHDL file "/home/hendri/Documents/workspaceXilinx/PBsegmentV2/decoderTestbench.vhd" into library work
Starting static elaboration
Completed static elaboration
Fuse Memory Usage: 37388 KB
Fuse CPU Usage: 2420 ms
Compiling package standard
Compiling package std_logic_1164
Compiling package std_logic_arith
Compiling architecture behavioral of entity decoder [decoder_default]
Compiling architecture behavior of entity decodertestbench
Time Resolution for simulation is 1ps.
Compiled 6 VHDL Units
Built simulation executable /home/hendri/Documents/workspaceXilinx/PBsegmentV2/decoderTestbench_isim_beh.exe
Fuse Memory Usage: 48332 KB
Fuse CPU Usage: 2590 ms
GCC CPU Usage: 280 ms
