Release 14.3 - xst P.40xd (lin)
Copyright (c) 1995-2012 Xilinx, Inc.  All rights reserved.
--> 
Parameter TMPDIR set to xst/projnav.tmp


Total REAL time to Xst completion: 0.00 secs
Total CPU time to Xst completion: 0.12 secs
 
--> 
Parameter xsthdpdir set to xst


Total REAL time to Xst completion: 0.00 secs
Total CPU time to Xst completion: 0.12 secs
 
--> 
Reading design: Prescaller.prj

TABLE OF CONTENTS
  1) Synthesis Options Summary
  2) HDL Compilation
  3) Design Hierarchy Analysis
  4) HDL Analysis
  5) HDL Synthesis
     5.1) HDL Synthesis Report
  6) Advanced HDL Synthesis
     6.1) Advanced HDL Synthesis Report
  7) Low Level Synthesis
  8) Partition Report
  9) Final Report
	9.1) Device utilization summary
	9.2) Partition Resource Summary
	9.3) TIMING REPORT


=========================================================================
*                      Synthesis Options Summary                        *
=========================================================================
---- Source Parameters
Input File Name                    : "Prescaller.prj"
Input Format                       : mixed
Ignore Synthesis Constraint File   : NO

---- Target Parameters
Output File Name                   : "Prescaller"
Output Format                      : NGC
Target Device                      : xc3s50a-4-vq100

---- Source Options
Top Module Name                    : Prescaller
Automatic FSM Extraction           : YES
FSM Encoding Algorithm             : Auto
Safe Implementation                : No
FSM Style                          : LUT
RAM Extraction                     : Yes
RAM Style                          : Auto
ROM Extraction                     : Yes
Mux Style                          : Auto
Decoder Extraction                 : YES
Priority Encoder Extraction        : Yes
Shift Register Extraction          : YES
Logical Shifter Extraction         : YES
XOR Collapsing                     : YES
ROM Style                          : Auto
Mux Extraction                     : Yes
Resource Sharing                   : YES
Asynchronous To Synchronous        : NO
Multiplier Style                   : Auto
Automatic Register Balancing       : No

---- Target Options
Add IO Buffers                     : YES
Global Maximum Fanout              : 500
Add Generic Clock Buffer(BUFG)     : 24
Register Duplication               : YES
Slice Packing                      : YES
Optimize Instantiated Primitives   : NO
Use Clock Enable                   : Yes
Use Synchronous Set                : Yes
Use Synchronous Reset              : Yes
Pack IO Registers into IOBs        : Auto
Equivalent register Removal        : YES

---- General Options
Optimization Goal                  : Speed
Optimization Effort                : 1
Keep Hierarchy                     : No
Netlist Hierarchy                  : As_Optimized
RTL Output                         : Yes
Global Optimization                : AllClockNets
Read Cores                         : YES
Write Timing Constraints           : NO
Cross Clock Analysis               : NO
Hierarchy Separator                : /
Bus Delimiter                      : <>
Case Specifier                     : Maintain
Slice Utilization Ratio            : 100
BRAM Utilization Ratio             : 100
Verilog 2001                       : YES
Auto BRAM Packing                  : NO
Slice Utilization Ratio Delta      : 5

=========================================================================


=========================================================================
*                          HDL Compilation                              *
=========================================================================
Compiling vhdl file "/home/hendri/Documents/workspaceXilinx/PBsegmentV2/Prescaller.vhd" in Library work.
Entity <prescaller> compiled.
Entity <prescaller> (Architecture <behavioral>) compiled.

=========================================================================
*                     Design Hierarchy Analysis                         *
=========================================================================
Analyzing hierarchy for entity <Prescaller> in library <work> (architecture <behavioral>).


=========================================================================
*                            HDL Analysis                               *
=========================================================================
Analyzing Entity <Prescaller> in library <work> (Architecture <behavioral>).
Entity <Prescaller> analyzed. Unit <Prescaller> generated.


=========================================================================
*                           HDL Synthesis                               *
=========================================================================

Performing bidirectional port resolution...

Synthesizing Unit <Prescaller>.
    Related source file is "/home/hendri/Documents/workspaceXilinx/PBsegmentV2/Prescaller.vhd".
    Found 18-bit up counter for signal <clk_r>.
    Summary:
	inferred   1 Counter(s).
Unit <Prescaller> synthesized.


=========================================================================
HDL Synthesis Report

Macro Statistics
# Counters                                             : 1
 18-bit up counter                                     : 1

=========================================================================

=========================================================================
*                       Advanced HDL Synthesis                          *
=========================================================================


=========================================================================
Advanced HDL Synthesis Report

Macro Statistics
# Counters                                             : 1
 18-bit up counter                                     : 1

=========================================================================

=========================================================================
*                         Low Level Synthesis                           *
=========================================================================

Optimizing unit <Prescaller> ...

Mapping all equations...
Building and optimizing final netlist ...
Found area constraint ratio of 100 (+ 5) on block Prescaller, actual ratio is 1.

Final Macro Processing ...

=========================================================================
Final Register Report

Macro Statistics
# Registers                                            : 18
 Flip-Flops                                            : 18

=========================================================================

=========================================================================
*                           Partition Report                            *
=========================================================================

Partition Implementation Status
-------------------------------

  No Partitions were found in this design.

-------------------------------

=========================================================================
*                            Final Report                               *
=========================================================================
Final Results
RTL Top Level Output File Name     : Prescaller.ngr
Top Level Output File Name         : Prescaller
Output Format                      : NGC
Optimization Goal                  : Speed
Keep Hierarchy                     : No

Design Statistics
# IOs                              : 2

Cell Usage :
# BELS                             : 55
#      GND                         : 1
#      INV                         : 1
#      LUT1                        : 17
#      MUXCY                       : 17
#      VCC                         : 1
#      XORCY                       : 18
# FlipFlops/Latches                : 18
#      FD                          : 18
# Clock Buffers                    : 1
#      BUFGP                       : 1
# IO Buffers                       : 1
#      OBUF                        : 1
=========================================================================

Device utilization summary:
---------------------------

Selected Device : 3s50avq100-4 

 Number of Slices:                        9  out of    704     1%  
 Number of Slice Flip Flops:             18  out of   1408     1%  
 Number of 4 input LUTs:                 18  out of   1408     1%  
 Number of IOs:                           2
 Number of bonded IOBs:                   2  out of     68     2%  
 Number of GCLKs:                         1  out of     24     4%  

---------------------------
Partition Resource Summary:
---------------------------

  No Partitions were found in this design.

---------------------------


=========================================================================
TIMING REPORT

NOTE: THESE TIMING NUMBERS ARE ONLY A SYNTHESIS ESTIMATE.
      FOR ACCURATE TIMING INFORMATION PLEASE REFER TO THE TRACE REPORT
      GENERATED AFTER PLACE-and-ROUTE.

Clock Information:
------------------
-----------------------------------+------------------------+-------+
Clock Signal                       | Clock buffer(FF name)  | Load  |
-----------------------------------+------------------------+-------+
clk_i                              | BUFGP                  | 18    |
-----------------------------------+------------------------+-------+

Asynchronous Control Signals Information:
----------------------------------------
No asynchronous control signals found in this design

Timing Summary:
---------------
Speed Grade: -4

   Minimum period: 4.505ns (Maximum Frequency: 221.976MHz)
   Minimum input arrival time before clock: No path found
   Maximum output required time after clock: 5.558ns
   Maximum combinational path delay: No path found

Timing Detail:
--------------
All values displayed in nanoseconds (ns)

=========================================================================
Timing constraint: Default period analysis for Clock 'clk_i'
  Clock period: 4.505ns (frequency: 221.976MHz)
  Total number of paths / destination ports: 171 / 18
-------------------------------------------------------------------------
Delay:               4.505ns (Levels of Logic = 18)
  Source:            clk_r_1 (FF)
  Destination:       clk_r_17 (FF)
  Source Clock:      clk_i rising
  Destination Clock: clk_i rising

  Data Path: clk_r_1 to clk_r_17
                                Gate     Net
    Cell:in->out      fanout   Delay   Delay  Logical Name (Net Name)
    ----------------------------------------  ------------
     FD:C->Q               1   0.591   0.563  clk_r_1 (clk_r_1)
     LUT1:I0->O            1   0.648   0.000  Mcount_clk_r_cy<1>_rt (Mcount_clk_r_cy<1>_rt)
     MUXCY:S->O            1   0.632   0.000  Mcount_clk_r_cy<1> (Mcount_clk_r_cy<1>)
     MUXCY:CI->O           1   0.065   0.000  Mcount_clk_r_cy<2> (Mcount_clk_r_cy<2>)
     MUXCY:CI->O           1   0.065   0.000  Mcount_clk_r_cy<3> (Mcount_clk_r_cy<3>)
     MUXCY:CI->O           1   0.065   0.000  Mcount_clk_r_cy<4> (Mcount_clk_r_cy<4>)
     MUXCY:CI->O           1   0.065   0.000  Mcount_clk_r_cy<5> (Mcount_clk_r_cy<5>)
     MUXCY:CI->O           1   0.065   0.000  Mcount_clk_r_cy<6> (Mcount_clk_r_cy<6>)
     MUXCY:CI->O           1   0.065   0.000  Mcount_clk_r_cy<7> (Mcount_clk_r_cy<7>)
     MUXCY:CI->O           1   0.065   0.000  Mcount_clk_r_cy<8> (Mcount_clk_r_cy<8>)
     MUXCY:CI->O           1   0.065   0.000  Mcount_clk_r_cy<9> (Mcount_clk_r_cy<9>)
     MUXCY:CI->O           1   0.065   0.000  Mcount_clk_r_cy<10> (Mcount_clk_r_cy<10>)
     MUXCY:CI->O           1   0.065   0.000  Mcount_clk_r_cy<11> (Mcount_clk_r_cy<11>)
     MUXCY:CI->O           1   0.065   0.000  Mcount_clk_r_cy<12> (Mcount_clk_r_cy<12>)
     MUXCY:CI->O           1   0.065   0.000  Mcount_clk_r_cy<13> (Mcount_clk_r_cy<13>)
     MUXCY:CI->O           1   0.065   0.000  Mcount_clk_r_cy<14> (Mcount_clk_r_cy<14>)
     MUXCY:CI->O           1   0.065   0.000  Mcount_clk_r_cy<15> (Mcount_clk_r_cy<15>)
     MUXCY:CI->O           0   0.065   0.000  Mcount_clk_r_cy<16> (Mcount_clk_r_cy<16>)
     XORCY:CI->O           1   0.844   0.000  Mcount_clk_r_xor<17> (Result<17>)
     FD:D                      0.252          clk_r_17
    ----------------------------------------
    Total                      4.505ns (3.942ns logic, 0.563ns route)
                                       (87.5% logic, 12.5% route)

=========================================================================
Timing constraint: Default OFFSET OUT AFTER for Clock 'clk_i'
  Total number of paths / destination ports: 1 / 1
-------------------------------------------------------------------------
Offset:              5.558ns (Levels of Logic = 1)
  Source:            clk_r_17 (FF)
  Destination:       blinker_o (PAD)
  Source Clock:      clk_i rising

  Data Path: clk_r_17 to blinker_o
                                Gate     Net
    Cell:in->out      fanout   Delay   Delay  Logical Name (Net Name)
    ----------------------------------------  ------------
     FD:C->Q               2   0.591   0.447  clk_r_17 (clk_r_17)
     OBUF:I->O                 4.520          blinker_o_OBUF (blinker_o)
    ----------------------------------------
    Total                      5.558ns (5.111ns logic, 0.447ns route)
                                       (92.0% logic, 8.0% route)

=========================================================================


Total REAL time to Xst completion: 11.00 secs
Total CPU time to Xst completion: 9.94 secs
 
--> 


Total memory usage is 166664 kilobytes

Number of errors   :    0 (   0 filtered)
Number of warnings :    0 (   0 filtered)
Number of infos    :    0 (   0 filtered)

